[2014-09-11 15:58:04] dev.ERROR: exception 'RuntimeException' with message 'Aborted' in C:\xampp\htdocs\Laravel4-Intelidata\vendor\symfony\console\Symfony\Component\Console\Helper\QuestionHelper.php:146
Stack trace:
#0 C:\xampp\htdocs\Laravel4-Intelidata\vendor\symfony\console\Symfony\Component\Console\Helper\QuestionHelper.php(49): Symfony\Component\Console\Helper\QuestionHelper->doAsk(Object(Symfony\Component\Console\Output\ConsoleOutput), Object(Symfony\Component\Console\Question\ConfirmationQuestion))
#1 C:\xampp\htdocs\Laravel4-Intelidata\vendor\laravel\framework\src\Illuminate\Console\Command.php(186): Symfony\Component\Console\Helper\QuestionHelper->ask(Object(Symfony\Component\Console\Input\ArgvInput), Object(Symfony\Component\Console\Output\ConsoleOutput), Object(Symfony\Component\Console\Question\ConfirmationQuestion))
#2 C:\xampp\htdocs\Laravel4-Intelidata\vendor\way\generators\src\Way\Generators\Commands\ResourceGeneratorCommand.php(101): Illuminate\Console\Command->confirm('Do you want me ...')
#3 C:\xampp\htdocs\Laravel4-Intelidata\vendor\way\generators\src\Way\Generators\Commands\ResourceGeneratorCommand.php(32): Way\Generators\Commands\ResourceGeneratorCommand->callModel('survey')
#4 C:\xampp\htdocs\Laravel4-Intelidata\vendor\laravel\framework\src\Illuminate\Console\Command.php(112): Way\Generators\Commands\ResourceGeneratorCommand->fire()
#5 C:\xampp\htdocs\Laravel4-Intelidata\vendor\symfony\console\Symfony\Component\Console\Command\Command.php(252): Illuminate\Console\Command->execute(Object(Symfony\Component\Console\Input\ArgvInput), Object(Symfony\Component\Console\Output\ConsoleOutput))
#6 C:\xampp\htdocs\Laravel4-Intelidata\vendor\laravel\framework\src\Illuminate\Console\Command.php(100): Symfony\Component\Console\Command\Command->run(Object(Symfony\Component\Console\Input\ArgvInput), Object(Symfony\Component\Console\Output\ConsoleOutput))
#7 C:\xampp\htdocs\Laravel4-Intelidata\vendor\symfony\console\Symfony\Component\Console\Application.php(889): Illuminate\Console\Command->run(Object(Symfony\Component\Console\Input\ArgvInput), Object(Symfony\Component\Console\Output\ConsoleOutput))
#8 C:\xampp\htdocs\Laravel4-Intelidata\vendor\symfony\console\Symfony\Component\Console\Application.php(193): Symfony\Component\Console\Application->doRunCommand(Object(Way\Generators\Commands\ResourceGeneratorCommand), Object(Symfony\Component\Console\Input\ArgvInput), Object(Symfony\Component\Console\Output\ConsoleOutput))
#9 C:\xampp\htdocs\Laravel4-Intelidata\vendor\symfony\console\Symfony\Component\Console\Application.php(124): Symfony\Component\Console\Application->doRun(Object(Symfony\Component\Console\Input\ArgvInput), Object(Symfony\Component\Console\Output\ConsoleOutput))
#10 C:\xampp\htdocs\Laravel4-Intelidata\artisan(59): Symfony\Component\Console\Application->run()
#11 {main} [] []
[2014-09-11 15:58:04] dev.ERROR: exception 'RuntimeException' with message 'Aborted' in C:\xampp\htdocs\Laravel4-Intelidata\vendor\symfony\console\Symfony\Component\Console\Helper\QuestionHelper.php:146
Stack trace:
#0 C:\xampp\htdocs\Laravel4-Intelidata\vendor\symfony\console\Symfony\Component\Console\Helper\QuestionHelper.php(49): Symfony\Component\Console\Helper\QuestionHelper->doAsk(Object(Symfony\Component\Console\Output\ConsoleOutput), Object(Symfony\Component\Console\Question\ConfirmationQuestion))
#1 C:\xampp\htdocs\Laravel4-Intelidata\vendor\laravel\framework\src\Illuminate\Console\Command.php(186): Symfony\Component\Console\Helper\QuestionHelper->ask(Object(Symfony\Component\Console\Input\ArgvInput), Object(Symfony\Component\Console\Output\ConsoleOutput), Object(Symfony\Component\Console\Question\ConfirmationQuestion))
#2 C:\xampp\htdocs\Laravel4-Intelidata\vendor\way\generators\src\Way\Generators\Commands\ResourceGeneratorCommand.php(101): Illuminate\Console\Command->confirm('Do you want me ...')
#3 C:\xampp\htdocs\Laravel4-Intelidata\vendor\way\generators\src\Way\Generators\Commands\ResourceGeneratorCommand.php(32): Way\Generators\Commands\ResourceGeneratorCommand->callModel('survey')
#4 C:\xampp\htdocs\Laravel4-Intelidata\vendor\laravel\framework\src\Illuminate\Console\Command.php(112): Way\Generators\Commands\ResourceGeneratorCommand->fire()
#5 C:\xampp\htdocs\Laravel4-Intelidata\vendor\symfony\console\Symfony\Component\Console\Command\Command.php(252): Illuminate\Console\Command->execute(Object(Symfony\Component\Console\Input\ArgvInput), Object(Symfony\Component\Console\Output\ConsoleOutput))
#6 C:\xampp\htdocs\Laravel4-Intelidata\vendor\laravel\framework\src\Illuminate\Console\Command.php(100): Symfony\Component\Console\Command\Command->run(Object(Symfony\Component\Console\Input\ArgvInput), Object(Symfony\Component\Console\Output\ConsoleOutput))
#7 C:\xampp\htdocs\Laravel4-Intelidata\vendor\symfony\console\Symfony\Component\Console\Application.php(889): Illuminate\Console\Command->run(Object(Symfony\Component\Console\Input\ArgvInput), Object(Symfony\Component\Console\Output\ConsoleOutput))
#8 C:\xampp\htdocs\Laravel4-Intelidata\vendor\symfony\console\Symfony\Component\Console\Application.php(193): Symfony\Component\Console\Application->doRunCommand(Object(Way\Generators\Commands\ResourceGeneratorCommand), Object(Symfony\Component\Console\Input\ArgvInput), Object(Symfony\Component\Console\Output\ConsoleOutput))
#9 C:\xampp\htdocs\Laravel4-Intelidata\vendor\symfony\console\Symfony\Component\Console\Application.php(124): Symfony\Component\Console\Application->doRun(Object(Symfony\Component\Console\Input\ArgvInput), Object(Symfony\Component\Console\Output\ConsoleOutput))
#10 C:\xampp\htdocs\Laravel4-Intelidata\artisan(59): Symfony\Component\Console\Application->run()
#11 {main} [] []
[2014-09-12 11:25:21] dev.ERROR: exception 'Symfony\Component\HttpKernel\Exception\NotFoundHttpException' in C:\xampp\htdocs\Laravel4-Intelidata\vendor\laravel\framework\src\Illuminate\Routing\RouteCollection.php:148
Stack trace:
#0 C:\xampp\htdocs\Laravel4-Intelidata\vendor\laravel\framework\src\Illuminate\Routing\Router.php(1049): Illuminate\Routing\RouteCollection->match(Object(Illuminate\Http\Request))
#1 C:\xampp\htdocs\Laravel4-Intelidata\vendor\laravel\framework\src\Illuminate\Routing\Router.php(1017): Illuminate\Routing\Router->findRoute(Object(Illuminate\Http\Request))
#2 C:\xampp\htdocs\Laravel4-Intelidata\vendor\laravel\framework\src\Illuminate\Routing\Router.php(996): Illuminate\Routing\Router->dispatchToRoute(Object(Illuminate\Http\Request))
#3 C:\xampp\htdocs\Laravel4-Intelidata\vendor\laravel\framework\src\Illuminate\Foundation\Application.php(776): Illuminate\Routing\Router->dispatch(Object(Illuminate\Http\Request))
#4 C:\xampp\htdocs\Laravel4-Intelidata\vendor\laravel\framework\src\Illuminate\Foundation\Application.php(746): Illuminate\Foundation\Application->dispatch(Object(Illuminate\Http\Request))
#5 C:\xampp\htdocs\Laravel4-Intelidata\vendor\barryvdh\laravel-debugbar\src\Middleware.php(34): Illuminate\Foundation\Application->handle(Object(Illuminate\Http\Request), 1, true)
#6 C:\xampp\htdocs\Laravel4-Intelidata\vendor\laravel\framework\src\Illuminate\Session\Middleware.php(72): Barryvdh\Debugbar\Middleware->handle(Object(Illuminate\Http\Request), 1, true)
#7 C:\xampp\htdocs\Laravel4-Intelidata\vendor\laravel\framework\src\Illuminate\Cookie\Queue.php(47): Illuminate\Session\Middleware->handle(Object(Illuminate\Http\Request), 1, true)
#8 C:\xampp\htdocs\Laravel4-Intelidata\vendor\laravel\framework\src\Illuminate\Cookie\Guard.php(51): Illuminate\Cookie\Queue->handle(Object(Illuminate\Http\Request), 1, true)
#9 C:\xampp\htdocs\Laravel4-Intelidata\vendor\stack\builder\src\Stack\StackedHttpKernel.php(23): Illuminate\Cookie\Guard->handle(Object(Illuminate\Http\Request), 1, true)
#10 C:\xampp\htdocs\Laravel4-Intelidata\vendor\laravel\framework\src\Illuminate\Foundation\Application.php(642): Stack\StackedHttpKernel->handle(Object(Illuminate\Http\Request))
#11 C:\xampp\htdocs\Laravel4-Intelidata\public\index.php(51): Illuminate\Foundation\Application->run()
#12 C:\xampp\htdocs\Laravel4-Intelidata\server.php(19): require_once('C:\\xampp\\htdocs...')
#13 {main} [] []
[2014-09-12 11:25:21] dev.ERROR: exception 'Symfony\Component\HttpKernel\Exception\NotFoundHttpException' in C:\xampp\htdocs\Laravel4-Intelidata\vendor\laravel\framework\src\Illuminate\Routing\RouteCollection.php:148
Stack trace:
#0 C:\xampp\htdocs\Laravel4-Intelidata\vendor\laravel\framework\src\Illuminate\Routing\Router.php(1049): Illuminate\Routing\RouteCollection->match(Object(Illuminate\Http\Request))
#1 C:\xampp\htdocs\Laravel4-Intelidata\vendor\laravel\framework\src\Illuminate\Routing\Router.php(1017): Illuminate\Routing\Router->findRoute(Object(Illuminate\Http\Request))
#2 C:\xampp\htdocs\Laravel4-Intelidata\vendor\laravel\framework\src\Illuminate\Routing\Router.php(996): Illuminate\Routing\Router->dispatchToRoute(Object(Illuminate\Http\Request))
#3 C:\xampp\htdocs\Laravel4-Intelidata\vendor\laravel\framework\src\Illuminate\Foundation\Application.php(776): Illuminate\Routing\Router->dispatch(Object(Illuminate\Http\Request))
#4 C:\xampp\htdocs\Laravel4-Intelidata\vendor\laravel\framework\src\Illuminate\Foundation\Application.php(746): Illuminate\Foundation\Application->dispatch(Object(Illuminate\Http\Request))
#5 C:\xampp\htdocs\Laravel4-Intelidata\vendor\barryvdh\laravel-debugbar\src\Middleware.php(34): Illuminate\Foundation\Application->handle(Object(Illuminate\Http\Request), 1, true)
#6 C:\xampp\htdocs\Laravel4-Intelidata\vendor\laravel\framework\src\Illuminate\Session\Middleware.php(72): Barryvdh\Debugbar\Middleware->handle(Object(Illuminate\Http\Request), 1, true)
#7 C:\xampp\htdocs\Laravel4-Intelidata\vendor\laravel\framework\src\Illuminate\Cookie\Queue.php(47): Illuminate\Session\Middleware->handle(Object(Illuminate\Http\Request), 1, true)
#8 C:\xampp\htdocs\Laravel4-Intelidata\vendor\laravel\framework\src\Illuminate\Cookie\Guard.php(51): Illuminate\Cookie\Queue->handle(Object(Illuminate\Http\Request), 1, true)
#9 C:\xampp\htdocs\Laravel4-Intelidata\vendor\stack\builder\src\Stack\StackedHttpKernel.php(23): Illuminate\Cookie\Guard->handle(Object(Illuminate\Http\Request), 1, true)
#10 C:\xampp\htdocs\Laravel4-Intelidata\vendor\laravel\framework\src\Illuminate\Foundation\Application.php(642): Stack\StackedHttpKernel->handle(Object(Illuminate\Http\Request))
#11 C:\xampp\htdocs\Laravel4-Intelidata\public\index.php(51): Illuminate\Foundation\Application->run()
#12 C:\xampp\htdocs\Laravel4-Intelidata\server.php(19): require_once('C:\\xampp\\htdocs...')
#13 {main} [] []
[2014-09-12 13:45:44] dev.ERROR: exception 'Symfony\Component\HttpKernel\Exception\NotFoundHttpException' in C:\xampp\htdocs\Laravel4-Intelidata\vendor\laravel\framework\src\Illuminate\Routing\RouteCollection.php:148
Stack trace:
#0 C:\xampp\htdocs\Laravel4-Intelidata\vendor\laravel\framework\src\Illuminate\Routing\Router.php(1049): Illuminate\Routing\RouteCollection->match(Object(Illuminate\Http\Request))
#1 C:\xampp\htdocs\Laravel4-Intelidata\vendor\laravel\framework\src\Illuminate\Routing\Router.php(1017): Illuminate\Routing\Router->findRoute(Object(Illuminate\Http\Request))
#2 C:\xampp\htdocs\Laravel4-Intelidata\vendor\laravel\framework\src\Illuminate\Routing\Router.php(996): Illuminate\Routing\Router->dispatchToRoute(Object(Illuminate\Http\Request))
#3 C:\xampp\htdocs\Laravel4-Intelidata\vendor\laravel\framework\src\Illuminate\Foundation\Application.php(776): Illuminate\Routing\Router->dispatch(Object(Illuminate\Http\Request))
#4 C:\xampp\htdocs\Laravel4-Intelidata\vendor\laravel\framework\src\Illuminate\Foundation\Application.php(746): Illuminate\Foundation\Application->dispatch(Object(Illuminate\Http\Request))
#5 C:\xampp\htdocs\Laravel4-Intelidata\vendor\barryvdh\laravel-debugbar\src\Middleware.php(34): Illuminate\Foundation\Application->handle(Object(Illuminate\Http\Request), 1, true)
#6 C:\xampp\htdocs\Laravel4-Intelidata\vendor\laravel\framework\src\Illuminate\Session\Middleware.php(72): Barryvdh\Debugbar\Middleware->handle(Object(Illuminate\Http\Request), 1, true)
#7 C:\xampp\htdocs\Laravel4-Intelidata\vendor\laravel\framework\src\Illuminate\Cookie\Queue.php(47): Illuminate\Session\Middleware->handle(Object(Illuminate\Http\Request), 1, true)
#8 C:\xampp\htdocs\Laravel4-Intelidata\vendor\laravel\framework\src\Illuminate\Cookie\Guard.php(51): Illuminate\Cookie\Queue->handle(Object(Illuminate\Http\Request), 1, true)
#9 C:\xampp\htdocs\Laravel4-Intelidata\vendor\stack\builder\src\Stack\StackedHttpKernel.php(23): Illuminate\Cookie\Guard->handle(Object(Illuminate\Http\Request), 1, true)
#10 C:\xampp\htdocs\Laravel4-Intelidata\vendor\laravel\framework\src\Illuminate\Foundation\Application.php(642): Stack\StackedHttpKernel->handle(Object(Illuminate\Http\Request))
#11 C:\xampp\htdocs\Laravel4-Intelidata\public\index.php(51): Illuminate\Foundation\Application->run()
#12 C:\xampp\htdocs\Laravel4-Intelidata\server.php(19): require_once('C:\\xampp\\htdocs...')
#13 {main} [] []
[2014-09-12 13:45:44] dev.ERROR: exception 'Symfony\Component\HttpKernel\Exception\NotFoundHttpException' in C:\xampp\htdocs\Laravel4-Intelidata\vendor\laravel\framework\src\Illuminate\Routing\RouteCollection.php:148
Stack trace:
#0 C:\xampp\htdocs\Laravel4-Intelidata\vendor\laravel\framework\src\Illuminate\Routing\Router.php(1049): Illuminate\Routing\RouteCollection->match(Object(Illuminate\Http\Request))
#1 C:\xampp\htdocs\Laravel4-Intelidata\vendor\laravel\framework\src\Illuminate\Routing\Router.php(1017): Illuminate\Routing\Router->findRoute(Object(Illuminate\Http\Request))
#2 C:\xampp\htdocs\Laravel4-Intelidata\vendor\laravel\framework\src\Illuminate\Routing\Router.php(996): Illuminate\Routing\Router->dispatchToRoute(Object(Illuminate\Http\Request))
#3 C:\xampp\htdocs\Laravel4-Intelidata\vendor\laravel\framework\src\Illuminate\Foundation\Application.php(776): Illuminate\Routing\Router->dispatch(Object(Illuminate\Http\Request))
#4 C:\xampp\htdocs\Laravel4-Intelidata\vendor\laravel\framework\src\Illuminate\Foundation\Application.php(746): Illuminate\Foundation\Application->dispatch(Object(Illuminate\Http\Request))
#5 C:\xampp\htdocs\Laravel4-Intelidata\vendor\barryvdh\laravel-debugbar\src\Middleware.php(34): Illuminate\Foundation\Application->handle(Object(Illuminate\Http\Request), 1, true)
#6 C:\xampp\htdocs\Laravel4-Intelidata\vendor\laravel\framework\src\Illuminate\Session\Middleware.php(72): Barryvdh\Debugbar\Middleware->handle(Object(Illuminate\Http\Request), 1, true)
#7 C:\xampp\htdocs\Laravel4-Intelidata\vendor\laravel\framework\src\Illuminate\Cookie\Queue.php(47): Illuminate\Session\Middleware->handle(Object(Illuminate\Http\Request), 1, true)
#8 C:\xampp\htdocs\Laravel4-Intelidata\vendor\laravel\framework\src\Illuminate\Cookie\Guard.php(51): Illuminate\Cookie\Queue->handle(Object(Illuminate\Http\Request), 1, true)
#9 C:\xampp\htdocs\Laravel4-Intelidata\vendor\stack\builder\src\Stack\StackedHttpKernel.php(23): Illuminate\Cookie\Guard->handle(Object(Illuminate\Http\Request), 1, true)
#10 C:\xampp\htdocs\Laravel4-Intelidata\vendor\laravel\framework\src\Illuminate\Foundation\Application.php(642): Stack\StackedHttpKernel->handle(Object(Illuminate\Http\Request))
#11 C:\xampp\htdocs\Laravel4-Intelidata\public\index.php(51): Illuminate\Foundation\Application->run()
#12 C:\xampp\htdocs\Laravel4-Intelidata\server.php(19): require_once('C:\\xampp\\htdocs...')
#13 {main} [] []
