
=| GET test2 |=

=| GET _debugbar/assets/stylesheets |=

=| GET _debugbar/assets/javascript |=

=| GET survey |=

=| GET _debugbar/assets/stylesheets |=

=| GET _debugbar/assets/javascript |=

=| GET / |=

=| GET login |=

=| GET _debugbar/assets/stylesheets |=

=| GET _debugbar/assets/javascript |=

=| POST login |=
2014-09-12 13:45:51 | select * from `cliente` where `rut` = 11111-1 limit 1 | 63ms
2014-09-12 13:45:51 | update `cliente` set `last_login` = 2014-09-12 13:45:51, `updated_at` = 2014-09-12 13:45:51 where `id` = 7 | 40ms

=| GET home |=
2014-09-12 13:45:52 | select * from `cliente` where `id` = 7 limit 1 | 1ms
2014-09-12 13:45:52 | select * from `preguntas` where `id` not in (select `pregunta_respuesta`.`id_pregunta` from `pregunta_respuesta` inner join `cliente_preguntas` on `pregunta_respuesta`.`id` = `cliente_preguntas`.`id_pregunta_respuesta` where cliente_preguntas.id_cliente = 7) and `estado` = A group by `id` | 159.01ms
2014-09-12 13:45:52 | select * from `telefonos_contacto` where `id_empresa` = 1 and `tipo` = 1 | 42ms
2014-09-12 13:45:52 | select * from `telefonos_contacto` where `id_empresa` = 1 and `tipo` = 2 | 1ms
2014-09-12 13:45:52 | select * from `centro_de_ayuda` where `id_empresa` = 1 | 53ms
2014-09-12 13:45:52 | select * from `sucursales` where `id_empresa` = 1 | 52ms
2014-09-12 13:45:52 | select * from `servicio_empresa` where `id_empresa` = 1 | 46ms

=| GET _debugbar/assets/stylesheets |=

=| GET _debugbar/assets/javascript |=

=| POST edit-marks |=
2014-09-12 13:45:59 | select * from `persona` where `id` = 1 limit 1 | 28ms

=| GET _debugbar/open |=

=| GET survey |=

=| GET _debugbar/assets/stylesheets |=

=| GET _debugbar/assets/javascript |=

=| GET / |=

=| GET login |=

=| GET _debugbar/assets/javascript |=

=| GET _debugbar/assets/stylesheets |=

=| GET survey |=

=| GET _debugbar/assets/stylesheets |=

=| GET _debugbar/assets/javascript |=

=| GET survey |=

=| GET _debugbar/assets/stylesheets |=

=| GET _debugbar/assets/javascript |=

=| GET survey |=

=| GET _debugbar/assets/stylesheets |=

=| GET _debugbar/assets/javascript |=

=| GET survey |=

=| GET _debugbar/assets/stylesheets |=

=| GET _debugbar/assets/javascript |=

=| GET survey |=

=| GET _debugbar/assets/stylesheets |=

=| GET _debugbar/assets/javascript |=

=| GET survey |=

=| GET _debugbar/assets/stylesheets |=

=| GET _debugbar/assets/javascript |=

=| GET survey |=

=| GET _debugbar/assets/stylesheets |=

=| GET _debugbar/assets/javascript |=

=| GET survey |=

=| GET _debugbar/assets/stylesheets |=

=| GET _debugbar/assets/javascript |=

=| GET survey |=

=| GET _debugbar/assets/stylesheets |=

=| GET _debugbar/assets/javascript |=

=| GET survey |=

=| GET _debugbar/assets/stylesheets |=

=| GET _debugbar/assets/javascript |=

=| GET logout |=

=| GET login |=

=| GET _debugbar/assets/stylesheets |=

=| GET _debugbar/assets/javascript |=

=| POST login |=
2014-09-15 18:07:54 | select * from `cliente` where `rut` = 11111-1 limit 1 | 53ms
2014-09-15 18:07:54 | update `cliente` set `last_login` = 2014-09-15 18:07:54, `updated_at` = 2014-09-15 18:07:54 where `id` = 7 | 33ms

=| GET home |=
2014-09-15 18:07:55 | select * from `cliente` where `id` = 7 limit 1 | 0ms
2014-09-15 18:07:55 | select * from `preguntas` where `id` not in (select `pregunta_respuesta`.`id_pregunta` from `pregunta_respuesta` inner join `cliente_preguntas` on `pregunta_respuesta`.`id` = `cliente_preguntas`.`id_pregunta_respuesta` where cliente_preguntas.id_cliente = 7) and `estado` = A group by `id` | 124.01ms
2014-09-15 18:07:55 | select * from `telefonos_contacto` where `id_empresa` = 1 and `tipo` = 1 | 58ms
2014-09-15 18:07:55 | select * from `telefonos_contacto` where `id_empresa` = 1 and `tipo` = 2 | 1ms
2014-09-15 18:07:55 | select * from `centro_de_ayuda` where `id_empresa` = 1 | 41ms
2014-09-15 18:07:55 | select * from `sucursales` where `id_empresa` = 1 | 49ms
2014-09-15 18:07:55 | select * from `servicio_empresa` where `id_empresa` = 1 | 42ms

=| GET _debugbar/assets/stylesheets |=

=| GET _debugbar/assets/javascript |=

=| GET timeline |=
2014-09-15 18:08:01 | select * from `cliente` where `id` = 7 limit 1 | 1ms
2014-09-15 18:08:02 | SELECT f.id, c.numero_cliente, f.numero, f.informacion_al , f.inicio_fac, f.fin_fac
			FROM cliente c
			INNER JOIN telefono f ON c.id = f.id_cliente
			INNER JOIN total t ON f.id = t.id_telefono
			WHERE c.id = 7
			ORDER BY t.fecha DESC; | 118.01ms
2014-09-15 18:08:02 | select * from `telefonos_contacto` where `id_empresa` = 1 and `tipo` = 1 | 0ms
2014-09-15 18:08:02 | select * from `telefonos_contacto` where `id_empresa` = 1 and `tipo` = 2 | 1ms
2014-09-15 18:08:02 | select * from `centro_de_ayuda` where `id_empresa` = 1 | 0ms
2014-09-15 18:08:02 | select * from `sucursales` where `id_empresa` = 1 | 1ms
2014-09-15 18:08:02 | select * from `servicio_empresa` where `id_empresa` = 1 | 0ms

=| GET _debugbar/assets/stylesheets |=

=| GET _debugbar/assets/javascript |=

=| POST timeline |=
2014-09-15 18:08:03 | select * from `cliente` where `id` = 7 limit 1 | 1ms
2014-09-15 18:08:03 | SELECT c.numero_cliente, f.numero, f.informacion_al , f.inicio_fac, f.fin_fac
			FROM cliente c
			INNER JOIN telefono f ON c.id = f.id_cliente
			INNER JOIN total t ON f.id = t.id_telefono
			WHERE c.id = 7
			ORDER BY t.fecha DESC
			LIMIT 0, 1; | 1ms

=| GET _debugbar/open |=

=| GET charts/comparative |=
2014-09-15 18:08:09 | select * from `cliente` where `id` = 7 limit 1 | 0ms
2014-09-15 18:08:09 | select * from `telefonos_contacto` where `id_empresa` = 1 and `tipo` = 1 | 1ms
2014-09-15 18:08:09 | select * from `telefonos_contacto` where `id_empresa` = 1 and `tipo` = 2 | 0ms
2014-09-15 18:08:09 | select * from `centro_de_ayuda` where `id_empresa` = 1 | 1ms
2014-09-15 18:08:09 | select * from `sucursales` where `id_empresa` = 1 | 1ms
2014-09-15 18:08:09 | select * from `servicio_empresa` where `id_empresa` = 1 | 1ms

=| GET _debugbar/assets/stylesheets |=

=| GET _debugbar/assets/javascript |=

=| POST postChartComparative/7 |=
2014-09-15 18:08:10 | select * from `cliente` where `id` = 7 limit 1 | 0ms
2014-09-15 18:08:10 | select * from `cliente` where `id` = 7 limit 1 | 0ms
2014-09-15 18:08:10 | select `id`, `numero` from `telefono` where `telefono`.`id_cliente` = 7 | 1ms
2014-09-15 18:08:10 | select MONTH(fecha) AS month, YEAR(fecha) AS year, SUM(monto_total) AS monto_total from `total` where `id_telefono` in (1, 2, 3, 4, 5, 6, 7, 8, 9) and YEAR(fecha) in (2012, 2013, 2014) and `fecha` between 2012-10-01 00:00:00 and 2014-09-01 00:00:00 group by YEAR(fecha), MONTH(fecha) order by `fecha` asc | 21ms

=| GET charts/comparative |=
2014-09-15 18:12:45 | select * from `cliente` where `id` = 7 limit 1 | 0ms
2014-09-15 18:12:45 | select * from `telefonos_contacto` where `id_empresa` = 1 and `tipo` = 1 | 1ms
2014-09-15 18:12:45 | select * from `telefonos_contacto` where `id_empresa` = 1 and `tipo` = 2 | 0ms
2014-09-15 18:12:45 | select * from `centro_de_ayuda` where `id_empresa` = 1 | 0ms
2014-09-15 18:12:45 | select * from `sucursales` where `id_empresa` = 1 | 1ms
2014-09-15 18:12:45 | select * from `servicio_empresa` where `id_empresa` = 1 | 0ms

=| GET _debugbar/assets/stylesheets |=

=| GET _debugbar/assets/javascript |=

=| POST postChartComparative/7 |=
2014-09-15 18:12:46 | select * from `cliente` where `id` = 7 limit 1 | 1ms
2014-09-15 18:12:46 | select * from `cliente` where `id` = 7 limit 1 | 1ms
2014-09-15 18:12:46 | select `id`, `numero` from `telefono` where `telefono`.`id_cliente` = 7 | 1ms
2014-09-15 18:12:46 | select MONTH(fecha) AS month, YEAR(fecha) AS year, SUM(monto_total) AS monto_total from `total` where `id_telefono` in (1, 2, 3, 4, 5, 6, 7, 8, 9) and YEAR(fecha) in (2012, 2013, 2014) and `fecha` between 2012-10-01 00:00:00 and 2014-09-01 00:00:00 group by YEAR(fecha), MONTH(fecha) order by `fecha` asc | 2ms

=| GET charts/comparative |=
2014-09-15 18:12:58 | select * from `cliente` where `id` = 7 limit 1 | 1ms
2014-09-15 18:12:58 | select * from `telefonos_contacto` where `id_empresa` = 1 and `tipo` = 1 | 1ms
2014-09-15 18:12:58 | select * from `telefonos_contacto` where `id_empresa` = 1 and `tipo` = 2 | 1ms
2014-09-15 18:12:58 | select * from `centro_de_ayuda` where `id_empresa` = 1 | 0ms
2014-09-15 18:12:58 | select * from `sucursales` where `id_empresa` = 1 | 1ms
2014-09-15 18:12:58 | select * from `servicio_empresa` where `id_empresa` = 1 | 0ms

=| GET _debugbar/assets/stylesheets |=

=| GET _debugbar/assets/javascript |=

=| POST postChartComparative/7 |=
2014-09-15 18:12:59 | select * from `cliente` where `id` = 7 limit 1 | 1ms
2014-09-15 18:12:59 | select * from `cliente` where `id` = 7 limit 1 | 0ms
2014-09-15 18:12:59 | select `id`, `numero` from `telefono` where `telefono`.`id_cliente` = 7 | 0ms
2014-09-15 18:12:59 | select MONTH(fecha) AS month, YEAR(fecha) AS year, SUM(monto_total) AS monto_total from `total` where `id_telefono` in (1, 2, 3, 4, 5, 6, 7, 8, 9) and YEAR(fecha) in (2012, 2013, 2014) and `fecha` between 2012-10-01 00:00:00 and 2014-09-01 00:00:00 group by YEAR(fecha), MONTH(fecha) order by `fecha` asc | 1ms

=| POST postChartComparative/7 |=
2014-09-15 18:15:34 | select * from `cliente` where `id` = 7 limit 1 | 1ms
2014-09-15 18:15:34 | select * from `cliente` where `id` = 7 limit 1 | 0ms
2014-09-15 18:15:34 | select `id`, `numero` from `telefono` where `telefono`.`id_cliente` = 7 | 1ms
2014-09-15 18:15:34 | select MONTH(fecha) AS month, YEAR(fecha) AS year, SUM(monto_total) AS monto_total from `total` where `id_telefono` in (1, 2, 3, 4, 5, 6, 7, 8, 9) and YEAR(fecha) in (2012, 2013, 2014) and `fecha` between 2012-10-01 00:00:00 and 2014-09-01 00:00:00 group by YEAR(fecha), MONTH(fecha) order by `fecha` asc | 1ms

=| GET charts/comparative |=
2014-09-15 18:15:36 | select * from `cliente` where `id` = 7 limit 1 | 1ms
2014-09-15 18:15:36 | select * from `telefonos_contacto` where `id_empresa` = 1 and `tipo` = 1 | 1ms
2014-09-15 18:15:36 | select * from `telefonos_contacto` where `id_empresa` = 1 and `tipo` = 2 | 0ms
2014-09-15 18:15:36 | select * from `centro_de_ayuda` where `id_empresa` = 1 | 0ms
2014-09-15 18:15:36 | select * from `sucursales` where `id_empresa` = 1 | 0ms
2014-09-15 18:15:36 | select * from `servicio_empresa` where `id_empresa` = 1 | 1ms

=| GET _debugbar/assets/stylesheets |=

=| GET _debugbar/assets/javascript |=

=| POST postChartComparative/7 |=
2014-09-15 18:15:37 | select * from `cliente` where `id` = 7 limit 1 | 1ms
2014-09-15 18:15:37 | select * from `cliente` where `id` = 7 limit 1 | 0ms
2014-09-15 18:15:37 | select `id`, `numero` from `telefono` where `telefono`.`id_cliente` = 7 | 0ms
2014-09-15 18:15:37 | select MONTH(fecha) AS month, YEAR(fecha) AS year, SUM(monto_total) AS monto_total from `total` where `id_telefono` in (1, 2, 3, 4, 5, 6, 7, 8, 9) and YEAR(fecha) in (2012, 2013, 2014) and `fecha` between 2012-10-01 00:00:00 and 2014-09-01 00:00:00 group by YEAR(fecha), MONTH(fecha) order by `fecha` asc | 2ms

=| GET charts/comparative |=
2014-09-15 18:16:18 | select * from `cliente` where `id` = 7 limit 1 | 1ms
2014-09-15 18:16:18 | select * from `telefonos_contacto` where `id_empresa` = 1 and `tipo` = 1 | 1ms
2014-09-15 18:16:18 | select * from `telefonos_contacto` where `id_empresa` = 1 and `tipo` = 2 | 1ms
2014-09-15 18:16:18 | select * from `centro_de_ayuda` where `id_empresa` = 1 | 0ms
2014-09-15 18:16:18 | select * from `sucursales` where `id_empresa` = 1 | 1ms
2014-09-15 18:16:18 | select * from `servicio_empresa` where `id_empresa` = 1 | 1ms

=| GET _debugbar/assets/stylesheets |=

=| GET _debugbar/assets/javascript |=

=| POST postChartComparative/7 |=
2014-09-15 18:16:19 | select * from `cliente` where `id` = 7 limit 1 | 0ms
2014-09-15 18:16:19 | select * from `cliente` where `id` = 7 limit 1 | 0ms
2014-09-15 18:16:19 | select `id`, `numero` from `telefono` where `telefono`.`id_cliente` = 7 | 0ms
2014-09-15 18:16:19 | select MONTH(fecha) AS month, YEAR(fecha) AS year, SUM(monto_total) AS monto_total from `total` where `id_telefono` in (1, 2, 3, 4, 5, 6, 7, 8, 9) and YEAR(fecha) in (2012, 2013, 2014) and `fecha` between 2012-10-01 00:00:00 and 2014-09-01 00:00:00 group by YEAR(fecha), MONTH(fecha) order by `fecha` asc | 1ms

=| GET charts/comparative |=
2014-09-15 18:16:47 | select * from `cliente` where `id` = 7 limit 1 | 1ms
2014-09-15 18:16:47 | select * from `telefonos_contacto` where `id_empresa` = 1 and `tipo` = 1 | 1ms
2014-09-15 18:16:47 | select * from `telefonos_contacto` where `id_empresa` = 1 and `tipo` = 2 | 0ms
2014-09-15 18:16:47 | select * from `centro_de_ayuda` where `id_empresa` = 1 | 1ms
2014-09-15 18:16:47 | select * from `sucursales` where `id_empresa` = 1 | 1ms
2014-09-15 18:16:47 | select * from `servicio_empresa` where `id_empresa` = 1 | 0ms

=| GET _debugbar/assets/stylesheets |=

=| GET _debugbar/assets/javascript |=

=| POST postChartComparative/7 |=
2014-09-15 18:16:48 | select * from `cliente` where `id` = 7 limit 1 | 0ms
2014-09-15 18:16:48 | select * from `cliente` where `id` = 7 limit 1 | 1ms
2014-09-15 18:16:48 | select `id`, `numero` from `telefono` where `telefono`.`id_cliente` = 7 | 1ms
2014-09-15 18:16:48 | select MONTH(fecha) AS month, YEAR(fecha) AS year, SUM(monto_total) AS monto_total from `total` where `id_telefono` in (1, 2, 3, 4, 5, 6, 7, 8, 9) and YEAR(fecha) in (2012, 2013, 2014) and `fecha` between 2012-10-01 00:00:00 and 2014-09-01 00:00:00 group by YEAR(fecha), MONTH(fecha) order by `fecha` asc | 1ms

=| GET _debugbar/assets/stylesheets |=

=| GET js/bootstrap-select.js.map |=

=| GET / |=

=| GET login |=

=| GET _debugbar/assets/stylesheets |=

=| GET _debugbar/assets/javascript |=

=| POST login |=
2014-09-15 18:35:21 | select * from `cliente` where `rut` = 11111-1 limit 1 | 0ms
2014-09-15 18:35:21 | update `cliente` set `last_login` = 2014-09-15 18:35:21, `updated_at` = 2014-09-15 18:35:21 where `id` = 7 | 52ms

=| GET home |=
2014-09-15 18:35:21 | select * from `cliente` where `id` = 7 limit 1 | 0ms
2014-09-15 18:35:21 | select * from `preguntas` where `id` not in (select `pregunta_respuesta`.`id_pregunta` from `pregunta_respuesta` inner join `cliente_preguntas` on `pregunta_respuesta`.`id` = `cliente_preguntas`.`id_pregunta_respuesta` where cliente_preguntas.id_cliente = 7) and `estado` = A group by `id` | 1ms
2014-09-15 18:35:21 | select * from `telefonos_contacto` where `id_empresa` = 1 and `tipo` = 1 | 1ms
2014-09-15 18:35:21 | select * from `telefonos_contacto` where `id_empresa` = 1 and `tipo` = 2 | 0ms
2014-09-15 18:35:21 | select * from `centro_de_ayuda` where `id_empresa` = 1 | 1ms
2014-09-15 18:35:21 | select * from `sucursales` where `id_empresa` = 1 | 1ms
2014-09-15 18:35:21 | select * from `servicio_empresa` where `id_empresa` = 1 | 0ms

=| GET _debugbar/assets/stylesheets |=

=| GET _debugbar/assets/javascript |=

=| GET charts/comparative |=
2014-09-15 18:35:29 | select * from `cliente` where `id` = 7 limit 1 | 0ms
2014-09-15 18:35:29 | select * from `telefonos_contacto` where `id_empresa` = 1 and `tipo` = 1 | 1ms
2014-09-15 18:35:29 | select * from `telefonos_contacto` where `id_empresa` = 1 and `tipo` = 2 | 0ms
2014-09-15 18:35:29 | select * from `centro_de_ayuda` where `id_empresa` = 1 | 1ms
2014-09-15 18:35:29 | select * from `sucursales` where `id_empresa` = 1 | 1ms
2014-09-15 18:35:29 | select * from `servicio_empresa` where `id_empresa` = 1 | 0ms

=| GET _debugbar/assets/stylesheets |=

=| GET _debugbar/assets/javascript |=

=| POST postChartComparative/7 |=
2014-09-15 18:35:30 | select * from `cliente` where `id` = 7 limit 1 | 0ms
2014-09-15 18:35:30 | select * from `cliente` where `id` = 7 limit 1 | 1ms
2014-09-15 18:35:30 | select `id`, `numero` from `telefono` where `telefono`.`id_cliente` = 7 | 1ms
2014-09-15 18:35:30 | select MONTH(fecha) AS month, YEAR(fecha) AS year, SUM(monto_total) AS monto_total from `total` where `id_telefono` in (1, 2, 3, 4, 5, 6, 7, 8, 9) and YEAR(fecha) in (2012, 2013, 2014) and `fecha` between 2012-10-01 00:00:00 and 2014-09-01 00:00:00 group by YEAR(fecha), MONTH(fecha) order by `fecha` asc | 3ms

=| GET charts/comparative |=
2014-09-15 18:35:40 | select * from `cliente` where `id` = 7 limit 1 | 1ms
2014-09-15 18:35:40 | select * from `telefonos_contacto` where `id_empresa` = 1 and `tipo` = 1 | 0ms
2014-09-15 18:35:40 | select * from `telefonos_contacto` where `id_empresa` = 1 and `tipo` = 2 | 0ms
2014-09-15 18:35:40 | select * from `centro_de_ayuda` where `id_empresa` = 1 | 0ms
2014-09-15 18:35:40 | select * from `sucursales` where `id_empresa` = 1 | 1ms
2014-09-15 18:35:40 | select * from `servicio_empresa` where `id_empresa` = 1 | 1ms

=| GET _debugbar/assets/javascript |=

=| GET _debugbar/assets/stylesheets |=

=| POST postChartComparative/7 |=
2014-09-15 18:35:42 | select * from `cliente` where `id` = 7 limit 1 | 1ms
2014-09-15 18:35:42 | select * from `cliente` where `id` = 7 limit 1 | 1ms
2014-09-15 18:35:42 | select `id`, `numero` from `telefono` where `telefono`.`id_cliente` = 7 | 1ms
2014-09-15 18:35:42 | select MONTH(fecha) AS month, YEAR(fecha) AS year, SUM(monto_total) AS monto_total from `total` where `id_telefono` in (1, 2, 3, 4, 5, 6, 7, 8, 9) and YEAR(fecha) in (2012, 2013, 2014) and `fecha` between 2012-10-01 00:00:00 and 2014-09-01 00:00:00 group by YEAR(fecha), MONTH(fecha) order by `fecha` asc | 2ms

=| GET charts/comparative |=
2014-09-15 18:37:03 | select * from `cliente` where `id` = 7 limit 1 | 0ms
2014-09-15 18:37:03 | select * from `telefonos_contacto` where `id_empresa` = 1 and `tipo` = 1 | 0ms
2014-09-15 18:37:03 | select * from `telefonos_contacto` where `id_empresa` = 1 and `tipo` = 2 | 1ms
2014-09-15 18:37:03 | select * from `centro_de_ayuda` where `id_empresa` = 1 | 0ms
2014-09-15 18:37:03 | select * from `sucursales` where `id_empresa` = 1 | 0ms
2014-09-15 18:37:03 | select * from `servicio_empresa` where `id_empresa` = 1 | 0ms

=| GET _debugbar/assets/stylesheets |=

=| GET _debugbar/assets/javascript |=

=| GET js/bootstrap-select.js.map |=

=| POST postChartComparative/7 |=
2014-09-15 18:37:04 | select * from `cliente` where `id` = 7 limit 1 | 1ms
2014-09-15 18:37:04 | select * from `cliente` where `id` = 7 limit 1 | 1ms
2014-09-15 18:37:04 | select `id`, `numero` from `telefono` where `telefono`.`id_cliente` = 7 | 0ms
2014-09-15 18:37:04 | select MONTH(fecha) AS month, YEAR(fecha) AS year, SUM(monto_total) AS monto_total from `total` where `id_telefono` in (1, 2, 3, 4, 5, 6, 7, 8, 9) and YEAR(fecha) in (2012, 2013, 2014) and `fecha` between 2012-10-01 00:00:00 and 2014-09-01 00:00:00 group by YEAR(fecha), MONTH(fecha) order by `fecha` asc | 2ms

=| GET charts/comparative |=
2014-09-15 18:37:05 | select * from `cliente` where `id` = 7 limit 1 | 0ms
2014-09-15 18:37:05 | select * from `telefonos_contacto` where `id_empresa` = 1 and `tipo` = 1 | 0ms
2014-09-15 18:37:05 | select * from `telefonos_contacto` where `id_empresa` = 1 and `tipo` = 2 | 1ms
2014-09-15 18:37:05 | select * from `centro_de_ayuda` where `id_empresa` = 1 | 0ms
2014-09-15 18:37:05 | select * from `sucursales` where `id_empresa` = 1 | 1ms
2014-09-15 18:37:05 | select * from `servicio_empresa` where `id_empresa` = 1 | 0ms

=| GET _debugbar/assets/stylesheets |=

=| GET _debugbar/assets/javascript |=

=| POST postChartComparative/7 |=
2014-09-15 18:37:07 | select * from `cliente` where `id` = 7 limit 1 | 1ms
2014-09-15 18:37:07 | select * from `cliente` where `id` = 7 limit 1 | 1ms
2014-09-15 18:37:07 | select `id`, `numero` from `telefono` where `telefono`.`id_cliente` = 7 | 0ms
2014-09-15 18:37:07 | select MONTH(fecha) AS month, YEAR(fecha) AS year, SUM(monto_total) AS monto_total from `total` where `id_telefono` in (1, 2, 3, 4, 5, 6, 7, 8, 9) and YEAR(fecha) in (2012, 2013, 2014) and `fecha` between 2012-10-01 00:00:00 and 2014-09-01 00:00:00 group by YEAR(fecha), MONTH(fecha) order by `fecha` asc | 2ms

=| GET charts/comparative |=
2014-09-15 18:45:59 | select * from `cliente` where `id` = 7 limit 1 | 1ms
2014-09-15 18:46:00 | select * from `telefonos_contacto` where `id_empresa` = 1 and `tipo` = 1 | 1ms
2014-09-15 18:46:00 | select * from `telefonos_contacto` where `id_empresa` = 1 and `tipo` = 2 | 1ms
2014-09-15 18:46:00 | select * from `centro_de_ayuda` where `id_empresa` = 1 | 2ms
2014-09-15 18:46:00 | select * from `sucursales` where `id_empresa` = 1 | 0ms
2014-09-15 18:46:00 | select * from `servicio_empresa` where `id_empresa` = 1 | 0ms

=| GET _debugbar/assets/stylesheets |=

=| GET _debugbar/assets/javascript |=

=| POST postChartComparative/7 |=
2014-09-15 18:46:01 | select * from `cliente` where `id` = 7 limit 1 | 1ms
2014-09-15 18:46:01 | select * from `cliente` where `id` = 7 limit 1 | 1ms
2014-09-15 18:46:01 | select `id`, `numero` from `telefono` where `telefono`.`id_cliente` = 7 | 1ms
2014-09-15 18:46:01 | select MONTH(fecha) AS month, YEAR(fecha) AS year, SUM(monto_total) AS monto_total from `total` where `id_telefono` in (1, 2, 3, 4, 5, 6, 7, 8, 9) and YEAR(fecha) in (2012, 2013, 2014) and `fecha` between 2012-10-01 00:00:00 and 2014-09-01 00:00:00 group by YEAR(fecha), MONTH(fecha) order by `fecha` asc | 2ms

=| GET charts/comparative |=
2014-09-15 18:46:15 | select * from `cliente` where `id` = 7 limit 1 | 1ms
2014-09-15 18:46:15 | select * from `telefonos_contacto` where `id_empresa` = 1 and `tipo` = 1 | 1ms
2014-09-15 18:46:15 | select * from `telefonos_contacto` where `id_empresa` = 1 and `tipo` = 2 | 1ms
2014-09-15 18:46:15 | select * from `centro_de_ayuda` where `id_empresa` = 1 | 1ms
2014-09-15 18:46:15 | select * from `sucursales` where `id_empresa` = 1 | 0ms
2014-09-15 18:46:15 | select * from `servicio_empresa` where `id_empresa` = 1 | 0ms

=| GET _debugbar/assets/stylesheets |=

=| GET _debugbar/assets/javascript |=

=| POST postChartComparative/7 |=
2014-09-15 18:46:17 | select * from `cliente` where `id` = 7 limit 1 | 0ms
2014-09-15 18:46:17 | select * from `cliente` where `id` = 7 limit 1 | 0ms
2014-09-15 18:46:17 | select `id`, `numero` from `telefono` where `telefono`.`id_cliente` = 7 | 1ms
2014-09-15 18:46:17 | select MONTH(fecha) AS month, YEAR(fecha) AS year, SUM(monto_total) AS monto_total from `total` where `id_telefono` in (1, 2, 3, 4, 5, 6, 7, 8, 9) and YEAR(fecha) in (2012, 2013, 2014) and `fecha` between 2012-10-01 00:00:00 and 2014-09-01 00:00:00 group by YEAR(fecha), MONTH(fecha) order by `fecha` asc | 1ms

=| GET charts/comparative |=
2014-09-15 18:46:28 | select * from `cliente` where `id` = 7 limit 1 | 1ms
2014-09-15 18:46:28 | select * from `telefonos_contacto` where `id_empresa` = 1 and `tipo` = 1 | 1ms
2014-09-15 18:46:28 | select * from `telefonos_contacto` where `id_empresa` = 1 and `tipo` = 2 | 1ms
2014-09-15 18:46:28 | select * from `centro_de_ayuda` where `id_empresa` = 1 | 0ms
2014-09-15 18:46:28 | select * from `sucursales` where `id_empresa` = 1 | 1ms
2014-09-15 18:46:28 | select * from `servicio_empresa` where `id_empresa` = 1 | 0ms

=| GET _debugbar/assets/stylesheets |=

=| GET _debugbar/assets/javascript |=

=| POST postChartComparative/7 |=
2014-09-15 18:46:29 | select * from `cliente` where `id` = 7 limit 1 | 0ms
2014-09-15 18:46:29 | select * from `cliente` where `id` = 7 limit 1 | 0ms
2014-09-15 18:46:29 | select `id`, `numero` from `telefono` where `telefono`.`id_cliente` = 7 | 1ms
2014-09-15 18:46:29 | select MONTH(fecha) AS month, YEAR(fecha) AS year, SUM(monto_total) AS monto_total from `total` where `id_telefono` in (1, 2, 3, 4, 5, 6, 7, 8, 9) and YEAR(fecha) in (2012, 2013, 2014) and `fecha` between 2012-10-01 00:00:00 and 2014-09-01 00:00:00 group by YEAR(fecha), MONTH(fecha) order by `fecha` asc | 1ms

=| GET charts/comparative |=
2014-09-15 18:48:47 | select * from `cliente` where `id` = 7 limit 1 | 0ms
2014-09-15 18:48:47 | select * from `telefonos_contacto` where `id_empresa` = 1 and `tipo` = 1 | 2ms
2014-09-15 18:48:47 | select * from `telefonos_contacto` where `id_empresa` = 1 and `tipo` = 2 | 0ms
2014-09-15 18:48:47 | select * from `centro_de_ayuda` where `id_empresa` = 1 | 0ms
2014-09-15 18:48:47 | select * from `sucursales` where `id_empresa` = 1 | 1ms
2014-09-15 18:48:47 | select * from `servicio_empresa` where `id_empresa` = 1 | 1ms

=| GET _debugbar/assets/stylesheets |=

=| GET _debugbar/assets/javascript |=

=| POST postChartComparative/7 |=
2014-09-15 18:48:48 | select * from `cliente` where `id` = 7 limit 1 | 0ms
2014-09-15 18:48:48 | select * from `cliente` where `id` = 7 limit 1 | 1ms
2014-09-15 18:48:48 | select `id`, `numero` from `telefono` where `telefono`.`id_cliente` = 7 | 1ms
2014-09-15 18:48:48 | select MONTH(fecha) AS month, YEAR(fecha) AS year, SUM(monto_total) AS monto_total from `total` where `id_telefono` in (1, 2, 3, 4, 5, 6, 7, 8, 9) and YEAR(fecha) in (2012, 2013, 2014) and `fecha` between 2012-10-01 00:00:00 and 2014-09-01 00:00:00 group by YEAR(fecha), MONTH(fecha) order by `fecha` asc | 1ms

=| GET charts/comparative |=
2014-09-15 18:49:22 | select * from `cliente` where `id` = 7 limit 1 | 1ms
2014-09-15 18:49:23 | select * from `telefonos_contacto` where `id_empresa` = 1 and `tipo` = 1 | 0ms
2014-09-15 18:49:23 | select * from `telefonos_contacto` where `id_empresa` = 1 and `tipo` = 2 | 0ms
2014-09-15 18:49:23 | select * from `centro_de_ayuda` where `id_empresa` = 1 | 1ms
2014-09-15 18:49:23 | select * from `sucursales` where `id_empresa` = 1 | 1ms
2014-09-15 18:49:23 | select * from `servicio_empresa` where `id_empresa` = 1 | 0ms

=| GET _debugbar/assets/stylesheets |=

=| GET _debugbar/assets/javascript |=

=| POST postChartComparative/7 |=
2014-09-15 18:49:24 | select * from `cliente` where `id` = 7 limit 1 | 0ms
2014-09-15 18:49:24 | select * from `cliente` where `id` = 7 limit 1 | 1ms
2014-09-15 18:49:24 | select `id`, `numero` from `telefono` where `telefono`.`id_cliente` = 7 | 1ms
2014-09-15 18:49:24 | select MONTH(fecha) AS month, YEAR(fecha) AS year, SUM(monto_total) AS monto_total from `total` where `id_telefono` in (1, 2, 3, 4, 5, 6, 7, 8, 9) and YEAR(fecha) in (2012, 2013, 2014) and `fecha` between 2012-10-01 00:00:00 and 2014-09-01 00:00:00 group by YEAR(fecha), MONTH(fecha) order by `fecha` asc | 1ms

=| GET charts/comparative |=
2014-09-15 18:50:28 | select * from `cliente` where `id` = 7 limit 1 | 0ms
2014-09-15 18:50:28 | select * from `telefonos_contacto` where `id_empresa` = 1 and `tipo` = 1 | 1ms
2014-09-15 18:50:28 | select * from `telefonos_contacto` where `id_empresa` = 1 and `tipo` = 2 | 1ms
2014-09-15 18:50:28 | select * from `centro_de_ayuda` where `id_empresa` = 1 | 0ms
2014-09-15 18:50:28 | select * from `sucursales` where `id_empresa` = 1 | 0ms
2014-09-15 18:50:28 | select * from `servicio_empresa` where `id_empresa` = 1 | 1ms

=| GET _debugbar/assets/stylesheets |=

=| GET _debugbar/assets/javascript |=

=| POST postChartComparative/7 |=
2014-09-15 18:50:30 | select * from `cliente` where `id` = 7 limit 1 | 1ms
2014-09-15 18:50:30 | select * from `cliente` where `id` = 7 limit 1 | 1ms
2014-09-15 18:50:30 | select `id`, `numero` from `telefono` where `telefono`.`id_cliente` = 7 | 1ms
2014-09-15 18:50:30 | select MONTH(fecha) AS month, YEAR(fecha) AS year, SUM(monto_total) AS monto_total from `total` where `id_telefono` in (1, 2, 3, 4, 5, 6, 7, 8, 9) and YEAR(fecha) in (2012, 2013, 2014) and `fecha` between 2012-10-01 00:00:00 and 2014-09-01 00:00:00 group by YEAR(fecha), MONTH(fecha) order by `fecha` asc | 1ms

=| GET charts/comparative |=
2014-09-15 18:50:44 | select * from `cliente` where `id` = 7 limit 1 | 1ms
2014-09-15 18:50:44 | select * from `telefonos_contacto` where `id_empresa` = 1 and `tipo` = 1 | 1ms
2014-09-15 18:50:44 | select * from `telefonos_contacto` where `id_empresa` = 1 and `tipo` = 2 | 1ms
2014-09-15 18:50:44 | select * from `centro_de_ayuda` where `id_empresa` = 1 | 0ms
2014-09-15 18:50:44 | select * from `sucursales` where `id_empresa` = 1 | 0ms
2014-09-15 18:50:44 | select * from `servicio_empresa` where `id_empresa` = 1 | 1ms

=| GET _debugbar/assets/stylesheets |=

=| GET _debugbar/assets/javascript |=

=| POST postChartComparative/7 |=
2014-09-15 18:50:46 | select * from `cliente` where `id` = 7 limit 1 | 1ms
2014-09-15 18:50:46 | select * from `cliente` where `id` = 7 limit 1 | 1ms
2014-09-15 18:50:46 | select `id`, `numero` from `telefono` where `telefono`.`id_cliente` = 7 | 1ms
2014-09-15 18:50:46 | select MONTH(fecha) AS month, YEAR(fecha) AS year, SUM(monto_total) AS monto_total from `total` where `id_telefono` in (1, 2, 3, 4, 5, 6, 7, 8, 9) and YEAR(fecha) in (2012, 2013, 2014) and `fecha` between 2012-10-01 00:00:00 and 2014-09-01 00:00:00 group by YEAR(fecha), MONTH(fecha) order by `fecha` asc | 2ms

=| GET charts/comparative |=
2014-09-15 18:52:09 | select * from `cliente` where `id` = 7 limit 1 | 1ms
2014-09-15 18:52:09 | select * from `telefonos_contacto` where `id_empresa` = 1 and `tipo` = 1 | 1ms
2014-09-15 18:52:09 | select * from `telefonos_contacto` where `id_empresa` = 1 and `tipo` = 2 | 1ms
2014-09-15 18:52:09 | select * from `centro_de_ayuda` where `id_empresa` = 1 | 0ms
2014-09-15 18:52:09 | select * from `sucursales` where `id_empresa` = 1 | 1ms
2014-09-15 18:52:09 | select * from `servicio_empresa` where `id_empresa` = 1 | 1ms

=| GET _debugbar/assets/stylesheets |=

=| GET _debugbar/assets/javascript |=

=| POST postChartComparative/7 |=
2014-09-15 18:52:11 | select * from `cliente` where `id` = 7 limit 1 | 0ms
2014-09-15 18:52:11 | select * from `cliente` where `id` = 7 limit 1 | 0ms
2014-09-15 18:52:11 | select `id`, `numero` from `telefono` where `telefono`.`id_cliente` = 7 | 1ms
2014-09-15 18:52:11 | select MONTH(fecha) AS month, YEAR(fecha) AS year, SUM(monto_total) AS monto_total from `total` where `id_telefono` in (1, 2, 3, 4, 5, 6, 7, 8, 9) and YEAR(fecha) in (2012, 2013, 2014) and `fecha` between 2012-10-01 00:00:00 and 2014-09-01 00:00:00 group by YEAR(fecha), MONTH(fecha) order by `fecha` asc | 1ms

=| GET charts/comparative |=
2014-09-15 18:52:32 | select * from `cliente` where `id` = 7 limit 1 | 1ms
2014-09-15 18:52:32 | select * from `telefonos_contacto` where `id_empresa` = 1 and `tipo` = 1 | 0ms
2014-09-15 18:52:32 | select * from `telefonos_contacto` where `id_empresa` = 1 and `tipo` = 2 | 1ms
2014-09-15 18:52:32 | select * from `centro_de_ayuda` where `id_empresa` = 1 | 1ms
2014-09-15 18:52:32 | select * from `sucursales` where `id_empresa` = 1 | 1ms
2014-09-15 18:52:32 | select * from `servicio_empresa` where `id_empresa` = 1 | 1ms

=| GET _debugbar/assets/stylesheets |=

=| GET _debugbar/assets/javascript |=

=| POST postChartComparative/7 |=
2014-09-15 18:52:33 | select * from `cliente` where `id` = 7 limit 1 | 1ms
2014-09-15 18:52:33 | select * from `cliente` where `id` = 7 limit 1 | 0ms
2014-09-15 18:52:33 | select `id`, `numero` from `telefono` where `telefono`.`id_cliente` = 7 | 0ms
2014-09-15 18:52:33 | select MONTH(fecha) AS month, YEAR(fecha) AS year, SUM(monto_total) AS monto_total from `total` where `id_telefono` in (1, 2, 3, 4, 5, 6, 7, 8, 9) and YEAR(fecha) in (2012, 2013, 2014) and `fecha` between 2012-10-01 00:00:00 and 2014-09-01 00:00:00 group by YEAR(fecha), MONTH(fecha) order by `fecha` asc | 1ms

=| GET charts/comparative |=
2014-09-15 18:52:51 | select * from `cliente` where `id` = 7 limit 1 | 1ms
2014-09-15 18:52:51 | select * from `telefonos_contacto` where `id_empresa` = 1 and `tipo` = 1 | 1ms
2014-09-15 18:52:51 | select * from `telefonos_contacto` where `id_empresa` = 1 and `tipo` = 2 | 1ms
2014-09-15 18:52:51 | select * from `centro_de_ayuda` where `id_empresa` = 1 | 0ms
2014-09-15 18:52:51 | select * from `sucursales` where `id_empresa` = 1 | 1ms
2014-09-15 18:52:51 | select * from `servicio_empresa` where `id_empresa` = 1 | 1ms

=| GET _debugbar/assets/stylesheets |=

=| GET _debugbar/assets/javascript |=

=| POST postChartComparative/7 |=
2014-09-15 18:52:52 | select * from `cliente` where `id` = 7 limit 1 | 0ms
2014-09-15 18:52:52 | select * from `cliente` where `id` = 7 limit 1 | 0ms
2014-09-15 18:52:52 | select `id`, `numero` from `telefono` where `telefono`.`id_cliente` = 7 | 1ms
2014-09-15 18:52:52 | select MONTH(fecha) AS month, YEAR(fecha) AS year, SUM(monto_total) AS monto_total from `total` where `id_telefono` in (1, 2, 3, 4, 5, 6, 7, 8, 9) and YEAR(fecha) in (2012, 2013, 2014) and `fecha` between 2012-10-01 00:00:00 and 2014-09-01 00:00:00 group by YEAR(fecha), MONTH(fecha) order by `fecha` asc | 1ms

=| GET charts/comparative |=
2014-09-15 18:54:09 | select * from `cliente` where `id` = 7 limit 1 | 1ms
2014-09-15 18:54:09 | select * from `telefonos_contacto` where `id_empresa` = 1 and `tipo` = 1 | 1ms
2014-09-15 18:54:09 | select * from `telefonos_contacto` where `id_empresa` = 1 and `tipo` = 2 | 0ms
2014-09-15 18:54:09 | select * from `centro_de_ayuda` where `id_empresa` = 1 | 1ms
2014-09-15 18:54:09 | select * from `sucursales` where `id_empresa` = 1 | 1ms
2014-09-15 18:54:09 | select * from `servicio_empresa` where `id_empresa` = 1 | 0ms

=| GET _debugbar/assets/stylesheets |=

=| GET _debugbar/assets/javascript |=

=| POST postChartComparative/7 |=
2014-09-15 18:54:11 | select * from `cliente` where `id` = 7 limit 1 | 0ms
2014-09-15 18:54:11 | select * from `cliente` where `id` = 7 limit 1 | 1ms
2014-09-15 18:54:11 | select `id`, `numero` from `telefono` where `telefono`.`id_cliente` = 7 | 0ms
2014-09-15 18:54:11 | select MONTH(fecha) AS month, YEAR(fecha) AS year, SUM(monto_total) AS monto_total from `total` where `id_telefono` in (1, 2, 3, 4, 5, 6, 7, 8, 9) and YEAR(fecha) in (2012, 2013, 2014) and `fecha` between 2012-10-01 00:00:00 and 2014-09-01 00:00:00 group by YEAR(fecha), MONTH(fecha) order by `fecha` asc | 1ms

=| GET charts/comparative |=
2014-09-15 18:54:23 | select * from `cliente` where `id` = 7 limit 1 | 1ms
2014-09-15 18:54:23 | select * from `telefonos_contacto` where `id_empresa` = 1 and `tipo` = 1 | 1ms
2014-09-15 18:54:23 | select * from `telefonos_contacto` where `id_empresa` = 1 and `tipo` = 2 | 0ms
2014-09-15 18:54:23 | select * from `centro_de_ayuda` where `id_empresa` = 1 | 1ms
2014-09-15 18:54:23 | select * from `sucursales` where `id_empresa` = 1 | 1ms
2014-09-15 18:54:23 | select * from `servicio_empresa` where `id_empresa` = 1 | 0ms

=| GET _debugbar/assets/stylesheets |=

=| GET _debugbar/assets/javascript |=

=| POST postChartComparative/7 |=
2014-09-15 18:54:24 | select * from `cliente` where `id` = 7 limit 1 | 1ms
2014-09-15 18:54:24 | select * from `cliente` where `id` = 7 limit 1 | 0ms
2014-09-15 18:54:24 | select `id`, `numero` from `telefono` where `telefono`.`id_cliente` = 7 | 0ms
2014-09-15 18:54:24 | select MONTH(fecha) AS month, YEAR(fecha) AS year, SUM(monto_total) AS monto_total from `total` where `id_telefono` in (1, 2, 3, 4, 5, 6, 7, 8, 9) and YEAR(fecha) in (2012, 2013, 2014) and `fecha` between 2012-10-01 00:00:00 and 2014-09-01 00:00:00 group by YEAR(fecha), MONTH(fecha) order by `fecha` asc | 2ms

=| GET charts/comparative |=
2014-09-15 18:54:36 | select * from `cliente` where `id` = 7 limit 1 | 1ms
2014-09-15 18:54:36 | select * from `telefonos_contacto` where `id_empresa` = 1 and `tipo` = 1 | 0ms
2014-09-15 18:54:36 | select * from `telefonos_contacto` where `id_empresa` = 1 and `tipo` = 2 | 1ms
2014-09-15 18:54:36 | select * from `centro_de_ayuda` where `id_empresa` = 1 | 0ms
2014-09-15 18:54:36 | select * from `sucursales` where `id_empresa` = 1 | 1ms
2014-09-15 18:54:36 | select * from `servicio_empresa` where `id_empresa` = 1 | 0ms

=| GET _debugbar/assets/stylesheets |=

=| GET _debugbar/assets/javascript |=

=| POST postChartComparative/7 |=
2014-09-15 18:54:37 | select * from `cliente` where `id` = 7 limit 1 | 1ms
2014-09-15 18:54:37 | select * from `cliente` where `id` = 7 limit 1 | 0ms
2014-09-15 18:54:37 | select `id`, `numero` from `telefono` where `telefono`.`id_cliente` = 7 | 1ms
2014-09-15 18:54:37 | select MONTH(fecha) AS month, YEAR(fecha) AS year, SUM(monto_total) AS monto_total from `total` where `id_telefono` in (1, 2, 3, 4, 5, 6, 7, 8, 9) and YEAR(fecha) in (2012, 2013, 2014) and `fecha` between 2012-10-01 00:00:00 and 2014-09-01 00:00:00 group by YEAR(fecha), MONTH(fecha) order by `fecha` asc | 1ms

=| GET postChartComparative/7 |=

=| GET _debugbar/assets/stylesheets |=

=| GET _debugbar/assets/javascript |=

=| GET charts/comparative |=
2014-09-15 19:01:10 | select * from `cliente` where `id` = 7 limit 1 | 1ms
2014-09-15 19:01:10 | select * from `telefonos_contacto` where `id_empresa` = 1 and `tipo` = 1 | 1ms
2014-09-15 19:01:10 | select * from `telefonos_contacto` where `id_empresa` = 1 and `tipo` = 2 | 1ms
2014-09-15 19:01:10 | select * from `centro_de_ayuda` where `id_empresa` = 1 | 1ms
2014-09-15 19:01:10 | select * from `sucursales` where `id_empresa` = 1 | 1ms
2014-09-15 19:01:10 | select * from `servicio_empresa` where `id_empresa` = 1 | 0ms

=| GET _debugbar/assets/stylesheets |=

=| GET _debugbar/assets/javascript |=

=| POST postChartComparative/7 |=
2014-09-15 19:01:11 | select * from `cliente` where `id` = 7 limit 1 | 1ms
2014-09-15 19:01:11 | select * from `cliente` where `id` = 7 limit 1 | 0ms
2014-09-15 19:01:11 | select `id`, `numero` from `telefono` where `telefono`.`id_cliente` = 7 | 1ms
2014-09-15 19:01:11 | select MONTH(fecha) AS month, YEAR(fecha) AS year, SUM(monto_total) AS monto_total from `total` where `id_telefono` in (1, 2, 3, 4, 5, 6, 7, 8, 9) and YEAR(fecha) in (2012, 2013, 2014) and `fecha` between 2012-10-01 00:00:00 and 2014-09-01 00:00:00 group by YEAR(fecha), MONTH(fecha) order by `fecha` asc | 1ms

=| GET charts/comparative |=
2014-09-15 19:03:01 | select * from `cliente` where `id` = 7 limit 1 | 1ms
2014-09-15 19:03:01 | select * from `telefonos_contacto` where `id_empresa` = 1 and `tipo` = 1 | 0ms
2014-09-15 19:03:01 | select * from `telefonos_contacto` where `id_empresa` = 1 and `tipo` = 2 | 1ms
2014-09-15 19:03:01 | select * from `centro_de_ayuda` where `id_empresa` = 1 | 1ms
2014-09-15 19:03:01 | select * from `sucursales` where `id_empresa` = 1 | 0ms
2014-09-15 19:03:01 | select * from `servicio_empresa` where `id_empresa` = 1 | 1ms

=| GET _debugbar/assets/stylesheets |=

=| GET _debugbar/assets/javascript |=

=| POST postChartComparative/7 |=
2014-09-15 19:03:02 | select * from `cliente` where `id` = 7 limit 1 | 1ms
2014-09-15 19:03:02 | select * from `cliente` where `id` = 7 limit 1 | 0ms
2014-09-15 19:03:02 | select `id`, `numero` from `telefono` where `telefono`.`id_cliente` = 7 | 1ms
2014-09-15 19:03:02 | select MONTH(fecha) AS month, YEAR(fecha) AS year, SUM(monto_total) AS monto_total from `total` where `id_telefono` in (1, 2, 3, 4, 5, 6, 7, 8, 9) and YEAR(fecha) in (2012, 2013, 2014) and `fecha` between 2012-10-01 00:00:00 and 2014-09-01 00:00:00 group by YEAR(fecha), MONTH(fecha) order by `fecha` asc | 2ms

=| GET charts/comparative |=
2014-09-15 19:03:14 | select * from `cliente` where `id` = 7 limit 1 | 1ms
2014-09-15 19:03:14 | select * from `telefonos_contacto` where `id_empresa` = 1 and `tipo` = 1 | 1ms
2014-09-15 19:03:14 | select * from `telefonos_contacto` where `id_empresa` = 1 and `tipo` = 2 | 1ms
2014-09-15 19:03:14 | select * from `centro_de_ayuda` where `id_empresa` = 1 | 1ms
2014-09-15 19:03:14 | select * from `sucursales` where `id_empresa` = 1 | 1ms
2014-09-15 19:03:14 | select * from `servicio_empresa` where `id_empresa` = 1 | 1ms

=| GET _debugbar/assets/stylesheets |=

=| GET _debugbar/assets/javascript |=

=| POST postChartComparative/7 |=
2014-09-15 19:03:15 | select * from `cliente` where `id` = 7 limit 1 | 1ms
2014-09-15 19:03:15 | select * from `cliente` where `id` = 7 limit 1 | 1ms
2014-09-15 19:03:15 | select `id`, `numero` from `telefono` where `telefono`.`id_cliente` = 7 | 1ms
2014-09-15 19:03:15 | select MONTH(fecha) AS month, YEAR(fecha) AS year, SUM(monto_total) AS monto_total from `total` where `id_telefono` in (1, 2, 3, 4, 5, 6, 7, 8, 9) and YEAR(fecha) in (2012, 2013, 2014) and `fecha` between 2012-10-01 00:00:00 and 2014-09-01 00:00:00 group by YEAR(fecha), MONTH(fecha) order by `fecha` asc | 1ms

=| GET charts/comparative |=
2014-09-15 19:03:24 | select * from `cliente` where `id` = 7 limit 1 | 1ms
2014-09-15 19:03:24 | select * from `telefonos_contacto` where `id_empresa` = 1 and `tipo` = 1 | 1ms
2014-09-15 19:03:24 | select * from `telefonos_contacto` where `id_empresa` = 1 and `tipo` = 2 | 1ms
2014-09-15 19:03:24 | select * from `centro_de_ayuda` where `id_empresa` = 1 | 1ms
2014-09-15 19:03:24 | select * from `sucursales` where `id_empresa` = 1 | 1ms
2014-09-15 19:03:24 | select * from `servicio_empresa` where `id_empresa` = 1 | 0ms

=| GET _debugbar/assets/stylesheets |=

=| GET _debugbar/assets/javascript |=

=| POST postChartComparative/7 |=
2014-09-15 19:03:25 | select * from `cliente` where `id` = 7 limit 1 | 0ms
2014-09-15 19:03:25 | select * from `cliente` where `id` = 7 limit 1 | 0ms
2014-09-15 19:03:25 | select `id`, `numero` from `telefono` where `telefono`.`id_cliente` = 7 | 0ms
2014-09-15 19:03:25 | select MONTH(fecha) AS month, YEAR(fecha) AS year, SUM(monto_total) AS monto_total from `total` where `id_telefono` in (1, 2, 3, 4, 5, 6, 7, 8, 9) and YEAR(fecha) in (2012, 2013, 2014) and `fecha` between 2012-10-01 00:00:00 and 2014-09-01 00:00:00 group by YEAR(fecha), MONTH(fecha) order by `fecha` asc | 1ms

=| GET charts/comparative |=
2014-09-15 19:03:33 | select * from `cliente` where `id` = 7 limit 1 | 1ms
2014-09-15 19:03:34 | select * from `telefonos_contacto` where `id_empresa` = 1 and `tipo` = 1 | 0ms
2014-09-15 19:03:34 | select * from `telefonos_contacto` where `id_empresa` = 1 and `tipo` = 2 | 1ms
2014-09-15 19:03:34 | select * from `centro_de_ayuda` where `id_empresa` = 1 | 1ms
2014-09-15 19:03:34 | select * from `sucursales` where `id_empresa` = 1 | 1ms
2014-09-15 19:03:34 | select * from `servicio_empresa` where `id_empresa` = 1 | 1ms

=| GET _debugbar/assets/stylesheets |=

=| GET _debugbar/assets/javascript |=

=| POST postChartComparative/7 |=
2014-09-15 19:03:36 | select * from `cliente` where `id` = 7 limit 1 | 1ms
2014-09-15 19:03:36 | select * from `cliente` where `id` = 7 limit 1 | 0ms
2014-09-15 19:03:36 | select `id`, `numero` from `telefono` where `telefono`.`id_cliente` = 7 | 0ms
2014-09-15 19:03:36 | select MONTH(fecha) AS month, YEAR(fecha) AS year, SUM(monto_total) AS monto_total from `total` where `id_telefono` in (1, 2, 3, 4, 5, 6, 7, 8, 9) and YEAR(fecha) in (2012, 2013, 2014) and `fecha` between 2012-10-01 00:00:00 and 2014-09-01 00:00:00 group by YEAR(fecha), MONTH(fecha) order by `fecha` asc | 2ms

=| GET charts/comparative |=
2014-09-15 19:03:59 | select * from `cliente` where `id` = 7 limit 1 | 1ms
2014-09-15 19:03:59 | select * from `telefonos_contacto` where `id_empresa` = 1 and `tipo` = 1 | 1ms
2014-09-15 19:03:59 | select * from `telefonos_contacto` where `id_empresa` = 1 and `tipo` = 2 | 1ms
2014-09-15 19:03:59 | select * from `centro_de_ayuda` where `id_empresa` = 1 | 1ms
2014-09-15 19:03:59 | select * from `sucursales` where `id_empresa` = 1 | 0ms
2014-09-15 19:03:59 | select * from `servicio_empresa` where `id_empresa` = 1 | 0ms

=| GET _debugbar/assets/stylesheets |=

=| GET _debugbar/assets/javascript |=

=| POST postChartComparative/7 |=
2014-09-15 19:04:01 | select * from `cliente` where `id` = 7 limit 1 | 1ms
2014-09-15 19:04:01 | select * from `cliente` where `id` = 7 limit 1 | 1ms
2014-09-15 19:04:01 | select `id`, `numero` from `telefono` where `telefono`.`id_cliente` = 7 | 0ms
2014-09-15 19:04:01 | select MONTH(fecha) AS month, YEAR(fecha) AS year, SUM(monto_total) AS monto_total from `total` where `id_telefono` in (1, 2, 3, 4, 5, 6, 7, 8, 9) and YEAR(fecha) in (2012, 2013, 2014) and `fecha` between 2012-10-01 00:00:00 and 2014-09-01 00:00:00 group by YEAR(fecha), MONTH(fecha) order by `fecha` asc | 1ms

=| GET charts/comparative |=
2014-09-15 19:04:21 | select * from `cliente` where `id` = 7 limit 1 | 1ms
2014-09-15 19:04:21 | select * from `telefonos_contacto` where `id_empresa` = 1 and `tipo` = 1 | 1ms
2014-09-15 19:04:21 | select * from `telefonos_contacto` where `id_empresa` = 1 and `tipo` = 2 | 0ms
2014-09-15 19:04:21 | select * from `centro_de_ayuda` where `id_empresa` = 1 | 0ms
2014-09-15 19:04:21 | select * from `sucursales` where `id_empresa` = 1 | 0ms
2014-09-15 19:04:21 | select * from `servicio_empresa` where `id_empresa` = 1 | 0ms

=| GET _debugbar/assets/stylesheets |=

=| GET _debugbar/assets/javascript |=

=| POST postChartComparative/7 |=
2014-09-15 19:04:23 | select * from `cliente` where `id` = 7 limit 1 | 1ms
2014-09-15 19:04:23 | select * from `cliente` where `id` = 7 limit 1 | 1ms
2014-09-15 19:04:23 | select `id`, `numero` from `telefono` where `telefono`.`id_cliente` = 7 | 1ms
2014-09-15 19:04:23 | select MONTH(fecha) AS month, YEAR(fecha) AS year, SUM(monto_total) AS monto_total from `total` where `id_telefono` in (1, 2, 3, 4, 5, 6, 7, 8, 9) and YEAR(fecha) in (2012, 2013, 2014) and `fecha` between 2012-10-01 00:00:00 and 2014-09-01 00:00:00 group by YEAR(fecha), MONTH(fecha) order by `fecha` asc | 1ms

=| GET charts/comparative |=
2014-09-15 19:04:36 | select * from `cliente` where `id` = 7 limit 1 | 1ms
2014-09-15 19:04:36 | select * from `telefonos_contacto` where `id_empresa` = 1 and `tipo` = 1 | 1ms
2014-09-15 19:04:36 | select * from `telefonos_contacto` where `id_empresa` = 1 and `tipo` = 2 | 0ms
2014-09-15 19:04:36 | select * from `centro_de_ayuda` where `id_empresa` = 1 | 1ms
2014-09-15 19:04:36 | select * from `sucursales` where `id_empresa` = 1 | 0ms
2014-09-15 19:04:36 | select * from `servicio_empresa` where `id_empresa` = 1 | 1ms

=| GET _debugbar/assets/stylesheets |=

=| GET _debugbar/assets/javascript |=

=| POST postChartComparative/7 |=
2014-09-15 19:04:37 | select * from `cliente` where `id` = 7 limit 1 | 0ms
2014-09-15 19:04:37 | select * from `cliente` where `id` = 7 limit 1 | 0ms
2014-09-15 19:04:37 | select `id`, `numero` from `telefono` where `telefono`.`id_cliente` = 7 | 1ms
2014-09-15 19:04:37 | select MONTH(fecha) AS month, YEAR(fecha) AS year, SUM(monto_total) AS monto_total from `total` where `id_telefono` in (1, 2, 3, 4, 5, 6, 7, 8, 9) and YEAR(fecha) in (2012, 2013, 2014) and `fecha` between 2012-10-01 00:00:00 and 2014-09-01 00:00:00 group by YEAR(fecha), MONTH(fecha) order by `fecha` asc | 1ms

=| GET charts/comparative |=
2014-09-15 19:04:48 | select * from `cliente` where `id` = 7 limit 1 | 1ms
2014-09-15 19:04:48 | select * from `telefonos_contacto` where `id_empresa` = 1 and `tipo` = 1 | 1ms
2014-09-15 19:04:48 | select * from `telefonos_contacto` where `id_empresa` = 1 and `tipo` = 2 | 1ms
2014-09-15 19:04:48 | select * from `centro_de_ayuda` where `id_empresa` = 1 | 1ms
2014-09-15 19:04:48 | select * from `sucursales` where `id_empresa` = 1 | 1ms
2014-09-15 19:04:48 | select * from `servicio_empresa` where `id_empresa` = 1 | 1ms

=| GET _debugbar/assets/stylesheets |=

=| GET _debugbar/assets/javascript |=

=| POST postChartComparative/7 |=
2014-09-15 19:04:50 | select * from `cliente` where `id` = 7 limit 1 | 0ms
2014-09-15 19:04:50 | select * from `cliente` where `id` = 7 limit 1 | 1ms
2014-09-15 19:04:50 | select `id`, `numero` from `telefono` where `telefono`.`id_cliente` = 7 | 1ms
2014-09-15 19:04:50 | select MONTH(fecha) AS month, YEAR(fecha) AS year, SUM(monto_total) AS monto_total from `total` where `id_telefono` in (1, 2, 3, 4, 5, 6, 7, 8, 9) and YEAR(fecha) in (2012, 2013, 2014) and `fecha` between 2012-10-01 00:00:00 and 2014-09-01 00:00:00 group by YEAR(fecha), MONTH(fecha) order by `fecha` asc | 1ms

=| GET charts/comparative |=
2014-09-15 19:06:02 | select * from `cliente` where `id` = 7 limit 1 | 4ms
2014-09-15 19:06:02 | select * from `telefonos_contacto` where `id_empresa` = 1 and `tipo` = 1 | 1ms
2014-09-15 19:06:02 | select * from `telefonos_contacto` where `id_empresa` = 1 and `tipo` = 2 | 1ms
2014-09-15 19:06:02 | select * from `centro_de_ayuda` where `id_empresa` = 1 | 1ms
2014-09-15 19:06:02 | select * from `sucursales` where `id_empresa` = 1 | 2ms
2014-09-15 19:06:02 | select * from `servicio_empresa` where `id_empresa` = 1 | 1ms

=| GET _debugbar/assets/stylesheets |=

=| GET _debugbar/assets/javascript |=

=| POST postChartComparative/7 |=
2014-09-15 19:06:03 | select * from `cliente` where `id` = 7 limit 1 | 1ms
2014-09-15 19:06:03 | select * from `cliente` where `id` = 7 limit 1 | 1ms
2014-09-15 19:06:03 | select `id`, `numero` from `telefono` where `telefono`.`id_cliente` = 7 | 0ms
2014-09-15 19:06:03 | select MONTH(fecha) AS month, YEAR(fecha) AS year, SUM(monto_total) AS monto_total from `total` where `id_telefono` in (1, 2, 3, 4, 5, 6, 7, 8, 9) and YEAR(fecha) in (2012, 2013, 2014) and `fecha` between 2012-10-01 00:00:00 and 2014-09-01 00:00:00 group by YEAR(fecha), MONTH(fecha) order by `fecha` asc | 1ms

=| GET charts/comparative |=
2014-09-15 19:07:19 | select * from `cliente` where `id` = 7 limit 1 | 1ms
2014-09-15 19:07:19 | select * from `telefonos_contacto` where `id_empresa` = 1 and `tipo` = 1 | 1ms
2014-09-15 19:07:19 | select * from `telefonos_contacto` where `id_empresa` = 1 and `tipo` = 2 | 0ms
2014-09-15 19:07:19 | select * from `centro_de_ayuda` where `id_empresa` = 1 | 1ms
2014-09-15 19:07:19 | select * from `sucursales` where `id_empresa` = 1 | 1ms
2014-09-15 19:07:19 | select * from `servicio_empresa` where `id_empresa` = 1 | 1ms

=| GET _debugbar/assets/stylesheets |=

=| GET _debugbar/assets/javascript |=

=| POST postChartComparative/7 |=
2014-09-15 19:07:21 | select * from `cliente` where `id` = 7 limit 1 | 0ms
2014-09-15 19:07:21 | select * from `cliente` where `id` = 7 limit 1 | 1ms
2014-09-15 19:07:21 | select `id`, `numero` from `telefono` where `telefono`.`id_cliente` = 7 | 1ms
2014-09-15 19:07:21 | select MONTH(fecha) AS month, YEAR(fecha) AS year, SUM(monto_total) AS monto_total from `total` where `id_telefono` in (1, 2, 3, 4, 5, 6, 7, 8, 9) and YEAR(fecha) in (2012, 2013, 2014) and `fecha` between 2012-10-01 00:00:00 and 2014-09-01 00:00:00 group by YEAR(fecha), MONTH(fecha) order by `fecha` asc | 1ms

=| GET charts/comparative |=
2014-09-15 19:08:56 | select * from `cliente` where `id` = 7 limit 1 | 1ms
2014-09-15 19:08:56 | select * from `telefonos_contacto` where `id_empresa` = 1 and `tipo` = 1 | 0ms
2014-09-15 19:08:56 | select * from `telefonos_contacto` where `id_empresa` = 1 and `tipo` = 2 | 1ms
2014-09-15 19:08:56 | select * from `centro_de_ayuda` where `id_empresa` = 1 | 1ms
2014-09-15 19:08:56 | select * from `sucursales` where `id_empresa` = 1 | 0ms
2014-09-15 19:08:56 | select * from `servicio_empresa` where `id_empresa` = 1 | 0ms

=| GET _debugbar/assets/stylesheets |=

=| GET _debugbar/assets/javascript |=

=| POST postChartComparative/7 |=
2014-09-15 19:08:57 | select * from `cliente` where `id` = 7 limit 1 | 1ms
2014-09-15 19:08:57 | select * from `cliente` where `id` = 7 limit 1 | 0ms
2014-09-15 19:08:57 | select `id`, `numero` from `telefono` where `telefono`.`id_cliente` = 7 | 1ms
2014-09-15 19:08:57 | select MONTH(fecha) AS month, YEAR(fecha) AS year, SUM(monto_total) AS monto_total from `total` where `id_telefono` in (1, 2, 3, 4, 5, 6, 7, 8, 9) and YEAR(fecha) in (2012, 2013, 2014) and `fecha` between 2012-10-01 00:00:00 and 2014-09-01 00:00:00 group by YEAR(fecha), MONTH(fecha) order by `fecha` asc | 2ms

=| GET charts/comparative |=
2014-09-15 19:09:35 | select * from `cliente` where `id` = 7 limit 1 | 1ms
2014-09-15 19:09:35 | select * from `telefonos_contacto` where `id_empresa` = 1 and `tipo` = 1 | 1ms
2014-09-15 19:09:35 | select * from `telefonos_contacto` where `id_empresa` = 1 and `tipo` = 2 | 1ms
2014-09-15 19:09:35 | select * from `centro_de_ayuda` where `id_empresa` = 1 | 0ms
2014-09-15 19:09:35 | select * from `sucursales` where `id_empresa` = 1 | 1ms
2014-09-15 19:09:35 | select * from `servicio_empresa` where `id_empresa` = 1 | 2ms

=| GET _debugbar/assets/stylesheets |=

=| GET _debugbar/assets/javascript |=

=| POST postChartComparative/7 |=
2014-09-15 19:09:36 | select * from `cliente` where `id` = 7 limit 1 | 0ms
2014-09-15 19:09:36 | select * from `cliente` where `id` = 7 limit 1 | 1ms
2014-09-15 19:09:36 | select `id`, `numero` from `telefono` where `telefono`.`id_cliente` = 7 | 0ms
2014-09-15 19:09:36 | select MONTH(fecha) AS month, YEAR(fecha) AS year, SUM(monto_total) AS monto_total from `total` where `id_telefono` in (1, 2, 3, 4, 5, 6, 7, 8, 9) and YEAR(fecha) in (2012, 2013, 2014) and `fecha` between 2012-10-01 00:00:00 and 2014-09-01 00:00:00 group by YEAR(fecha), MONTH(fecha) order by `fecha` asc | 1ms

=| GET charts/comparative |=
2014-09-15 19:09:49 | select * from `cliente` where `id` = 7 limit 1 | 1ms
2014-09-15 19:09:49 | select * from `telefonos_contacto` where `id_empresa` = 1 and `tipo` = 1 | 9ms
2014-09-15 19:09:49 | select * from `telefonos_contacto` where `id_empresa` = 1 and `tipo` = 2 | 0ms
2014-09-15 19:09:49 | select * from `centro_de_ayuda` where `id_empresa` = 1 | 1ms
2014-09-15 19:09:49 | select * from `sucursales` where `id_empresa` = 1 | 1ms
2014-09-15 19:09:49 | select * from `servicio_empresa` where `id_empresa` = 1 | 0ms

=| GET _debugbar/assets/stylesheets |=

=| GET _debugbar/assets/javascript |=

=| POST postChartComparative/7 |=
2014-09-15 19:09:50 | select * from `cliente` where `id` = 7 limit 1 | 1ms
2014-09-15 19:09:50 | select * from `cliente` where `id` = 7 limit 1 | 0ms
2014-09-15 19:09:50 | select `id`, `numero` from `telefono` where `telefono`.`id_cliente` = 7 | 0ms
2014-09-15 19:09:50 | select MONTH(fecha) AS month, YEAR(fecha) AS year, SUM(monto_total) AS monto_total from `total` where `id_telefono` in (1, 2, 3, 4, 5, 6, 7, 8, 9) and YEAR(fecha) in (2012, 2013, 2014) and `fecha` between 2012-10-01 00:00:00 and 2014-09-01 00:00:00 group by YEAR(fecha), MONTH(fecha) order by `fecha` asc | 1ms

=| GET charts/comparative |=
2014-09-15 19:10:02 | select * from `cliente` where `id` = 7 limit 1 | 1ms
2014-09-15 19:10:02 | select * from `telefonos_contacto` where `id_empresa` = 1 and `tipo` = 1 | 1ms
2014-09-15 19:10:02 | select * from `telefonos_contacto` where `id_empresa` = 1 and `tipo` = 2 | 1ms
2014-09-15 19:10:02 | select * from `centro_de_ayuda` where `id_empresa` = 1 | 1ms
2014-09-15 19:10:02 | select * from `sucursales` where `id_empresa` = 1 | 0ms
2014-09-15 19:10:02 | select * from `servicio_empresa` where `id_empresa` = 1 | 1ms

=| GET _debugbar/assets/stylesheets |=

=| GET _debugbar/assets/javascript |=

=| POST postChartComparative/7 |=
2014-09-15 19:10:04 | select * from `cliente` where `id` = 7 limit 1 | 0ms
2014-09-15 19:10:04 | select * from `cliente` where `id` = 7 limit 1 | 1ms
2014-09-15 19:10:04 | select `id`, `numero` from `telefono` where `telefono`.`id_cliente` = 7 | 1ms
2014-09-15 19:10:04 | select MONTH(fecha) AS month, YEAR(fecha) AS year, SUM(monto_total) AS monto_total from `total` where `id_telefono` in (1, 2, 3, 4, 5, 6, 7, 8, 9) and YEAR(fecha) in (2012, 2013, 2014) and `fecha` between 2012-10-01 00:00:00 and 2014-09-01 00:00:00 group by YEAR(fecha), MONTH(fecha) order by `fecha` asc | 2ms

=| GET charts/comparative |=
2014-09-15 19:10:06 | select * from `cliente` where `id` = 7 limit 1 | 1ms
2014-09-15 19:10:06 | select * from `telefonos_contacto` where `id_empresa` = 1 and `tipo` = 1 | 1ms
2014-09-15 19:10:06 | select * from `telefonos_contacto` where `id_empresa` = 1 and `tipo` = 2 | 1ms
2014-09-15 19:10:06 | select * from `centro_de_ayuda` where `id_empresa` = 1 | 0ms
2014-09-15 19:10:06 | select * from `sucursales` where `id_empresa` = 1 | 1ms
2014-09-15 19:10:06 | select * from `servicio_empresa` where `id_empresa` = 1 | 0ms

=| GET _debugbar/assets/stylesheets |=

=| GET _debugbar/assets/javascript |=

=| POST postChartComparative/7 |=
2014-09-15 19:10:07 | select * from `cliente` where `id` = 7 limit 1 | 60ms
2014-09-15 19:10:07 | select * from `cliente` where `id` = 7 limit 1 | 2ms
2014-09-15 19:10:07 | select `id`, `numero` from `telefono` where `telefono`.`id_cliente` = 7 | 1ms
2014-09-15 19:10:07 | select MONTH(fecha) AS month, YEAR(fecha) AS year, SUM(monto_total) AS monto_total from `total` where `id_telefono` in (1, 2, 3, 4, 5, 6, 7, 8, 9) and YEAR(fecha) in (2012, 2013, 2014) and `fecha` between 2012-10-01 00:00:00 and 2014-09-01 00:00:00 group by YEAR(fecha), MONTH(fecha) order by `fecha` asc | 2ms

=| GET charts/comparative |=
2014-09-15 19:11:16 | select * from `cliente` where `id` = 7 limit 1 | 0ms
2014-09-15 19:11:16 | select * from `telefonos_contacto` where `id_empresa` = 1 and `tipo` = 1 | 1ms
2014-09-15 19:11:16 | select * from `telefonos_contacto` where `id_empresa` = 1 and `tipo` = 2 | 0ms
2014-09-15 19:11:16 | select * from `centro_de_ayuda` where `id_empresa` = 1 | 1ms
2014-09-15 19:11:16 | select * from `sucursales` where `id_empresa` = 1 | 0ms
2014-09-15 19:11:16 | select * from `servicio_empresa` where `id_empresa` = 1 | 1ms

=| GET _debugbar/assets/stylesheets |=

=| GET _debugbar/assets/javascript |=

=| POST postChartComparative/7 |=
2014-09-15 19:11:17 | select * from `cliente` where `id` = 7 limit 1 | 0ms
2014-09-15 19:11:17 | select * from `cliente` where `id` = 7 limit 1 | 1ms
2014-09-15 19:11:17 | select `id`, `numero` from `telefono` where `telefono`.`id_cliente` = 7 | 0ms
2014-09-15 19:11:17 | select MONTH(fecha) AS month, YEAR(fecha) AS year, SUM(monto_total) AS monto_total from `total` where `id_telefono` in (1, 2, 3, 4, 5, 6, 7, 8, 9) and YEAR(fecha) in (2012, 2013, 2014) and `fecha` between 2012-10-01 00:00:00 and 2014-09-01 00:00:00 group by YEAR(fecha), MONTH(fecha) order by `fecha` asc | 1ms

=| GET charts/comparative |=
2014-09-15 19:11:36 | select * from `cliente` where `id` = 7 limit 1 | 1ms
2014-09-15 19:11:36 | select * from `telefonos_contacto` where `id_empresa` = 1 and `tipo` = 1 | 0ms
2014-09-15 19:11:36 | select * from `telefonos_contacto` where `id_empresa` = 1 and `tipo` = 2 | 1ms
2014-09-15 19:11:36 | select * from `centro_de_ayuda` where `id_empresa` = 1 | 1ms
2014-09-15 19:11:36 | select * from `sucursales` where `id_empresa` = 1 | 0ms
2014-09-15 19:11:36 | select * from `servicio_empresa` where `id_empresa` = 1 | 1ms

=| GET _debugbar/assets/stylesheets |=

=| GET _debugbar/assets/javascript |=

=| POST postChartComparative/7 |=
2014-09-15 19:11:37 | select * from `cliente` where `id` = 7 limit 1 | 1ms
2014-09-15 19:11:37 | select * from `cliente` where `id` = 7 limit 1 | 1ms
2014-09-15 19:11:37 | select `id`, `numero` from `telefono` where `telefono`.`id_cliente` = 7 | 1ms
2014-09-15 19:11:37 | select MONTH(fecha) AS month, YEAR(fecha) AS year, SUM(monto_total) AS monto_total from `total` where `id_telefono` in (1, 2, 3, 4, 5, 6, 7, 8, 9) and YEAR(fecha) in (2012, 2013, 2014) and `fecha` between 2012-10-01 00:00:00 and 2014-09-01 00:00:00 group by YEAR(fecha), MONTH(fecha) order by `fecha` asc | 4ms

=| GET charts/comparative |=
2014-09-15 19:11:52 | select * from `cliente` where `id` = 7 limit 1 | 0ms
2014-09-15 19:11:52 | select * from `telefonos_contacto` where `id_empresa` = 1 and `tipo` = 1 | 0ms
2014-09-15 19:11:52 | select * from `telefonos_contacto` where `id_empresa` = 1 and `tipo` = 2 | 1ms
2014-09-15 19:11:52 | select * from `centro_de_ayuda` where `id_empresa` = 1 | 1ms
2014-09-15 19:11:52 | select * from `sucursales` where `id_empresa` = 1 | 0ms
2014-09-15 19:11:52 | select * from `servicio_empresa` where `id_empresa` = 1 | 1ms

=| GET _debugbar/assets/stylesheets |=

=| GET _debugbar/assets/javascript |=

=| POST postChartComparative/7 |=
2014-09-15 19:11:53 | select * from `cliente` where `id` = 7 limit 1 | 1ms
2014-09-15 19:11:53 | select * from `cliente` where `id` = 7 limit 1 | 1ms
2014-09-15 19:11:53 | select `id`, `numero` from `telefono` where `telefono`.`id_cliente` = 7 | 1ms
2014-09-15 19:11:53 | select MONTH(fecha) AS month, YEAR(fecha) AS year, SUM(monto_total) AS monto_total from `total` where `id_telefono` in (1, 2, 3, 4, 5, 6, 7, 8, 9) and YEAR(fecha) in (2012, 2013, 2014) and `fecha` between 2012-10-01 00:00:00 and 2014-09-01 00:00:00 group by YEAR(fecha), MONTH(fecha) order by `fecha` asc | 2ms

=| GET charts/comparative |=
2014-09-15 19:12:16 | select * from `cliente` where `id` = 7 limit 1 | 1ms
2014-09-15 19:12:16 | select * from `telefonos_contacto` where `id_empresa` = 1 and `tipo` = 1 | 1ms
2014-09-15 19:12:16 | select * from `telefonos_contacto` where `id_empresa` = 1 and `tipo` = 2 | 0ms
2014-09-15 19:12:16 | select * from `centro_de_ayuda` where `id_empresa` = 1 | 1ms
2014-09-15 19:12:16 | select * from `sucursales` where `id_empresa` = 1 | 1ms
2014-09-15 19:12:16 | select * from `servicio_empresa` where `id_empresa` = 1 | 1ms

=| GET _debugbar/assets/stylesheets |=

=| GET _debugbar/assets/javascript |=

=| POST postChartComparative/7 |=
2014-09-15 19:12:18 | select * from `cliente` where `id` = 7 limit 1 | 0ms
2014-09-15 19:12:18 | select * from `cliente` where `id` = 7 limit 1 | 1ms
2014-09-15 19:12:18 | select `id`, `numero` from `telefono` where `telefono`.`id_cliente` = 7 | 0ms
2014-09-15 19:12:18 | select MONTH(fecha) AS month, YEAR(fecha) AS year, SUM(monto_total) AS monto_total from `total` where `id_telefono` in (1, 2, 3, 4, 5, 6, 7, 8, 9) and YEAR(fecha) in (2012, 2013, 2014) and `fecha` between 2012-10-01 00:00:00 and 2014-09-01 00:00:00 group by YEAR(fecha), MONTH(fecha) order by `fecha` asc | 1ms

=| GET charts/comparative |=
2014-09-15 19:12:23 | select * from `cliente` where `id` = 7 limit 1 | 2ms
2014-09-15 19:12:23 | select * from `telefonos_contacto` where `id_empresa` = 1 and `tipo` = 1 | 1ms
2014-09-15 19:12:23 | select * from `telefonos_contacto` where `id_empresa` = 1 and `tipo` = 2 | 1ms
2014-09-15 19:12:23 | select * from `centro_de_ayuda` where `id_empresa` = 1 | 1ms
2014-09-15 19:12:23 | select * from `sucursales` where `id_empresa` = 1 | 1ms
2014-09-15 19:12:23 | select * from `servicio_empresa` where `id_empresa` = 1 | 2ms

=| GET _debugbar/assets/stylesheets |=

=| GET _debugbar/assets/javascript |=

=| POST postChartComparative/7 |=
2014-09-15 19:12:26 | select * from `cliente` where `id` = 7 limit 1 | 0ms
2014-09-15 19:12:26 | select * from `cliente` where `id` = 7 limit 1 | 2ms
2014-09-15 19:12:26 | select `id`, `numero` from `telefono` where `telefono`.`id_cliente` = 7 | 1ms
2014-09-15 19:12:26 | select MONTH(fecha) AS month, YEAR(fecha) AS year, SUM(monto_total) AS monto_total from `total` where `id_telefono` in (1, 2, 3, 4, 5, 6, 7, 8, 9) and YEAR(fecha) in (2012, 2013, 2014) and `fecha` between 2012-10-01 00:00:00 and 2014-09-01 00:00:00 group by YEAR(fecha), MONTH(fecha) order by `fecha` asc | 1ms

=| GET charts/comparative |=
2014-09-15 19:12:42 | select * from `cliente` where `id` = 7 limit 1 | 1ms
2014-09-15 19:12:42 | select * from `telefonos_contacto` where `id_empresa` = 1 and `tipo` = 1 | 0ms
2014-09-15 19:12:42 | select * from `telefonos_contacto` where `id_empresa` = 1 and `tipo` = 2 | 0ms
2014-09-15 19:12:42 | select * from `centro_de_ayuda` where `id_empresa` = 1 | 1ms
2014-09-15 19:12:42 | select * from `sucursales` where `id_empresa` = 1 | 1ms
2014-09-15 19:12:42 | select * from `servicio_empresa` where `id_empresa` = 1 | 1ms

=| GET _debugbar/assets/stylesheets |=

=| GET _debugbar/assets/javascript |=

=| POST postChartComparative/7 |=
2014-09-15 19:12:43 | select * from `cliente` where `id` = 7 limit 1 | 1ms
2014-09-15 19:12:43 | select * from `cliente` where `id` = 7 limit 1 | 1ms
2014-09-15 19:12:43 | select `id`, `numero` from `telefono` where `telefono`.`id_cliente` = 7 | 0ms
2014-09-15 19:12:43 | select MONTH(fecha) AS month, YEAR(fecha) AS year, SUM(monto_total) AS monto_total from `total` where `id_telefono` in (1, 2, 3, 4, 5, 6, 7, 8, 9) and YEAR(fecha) in (2012, 2013, 2014) and `fecha` between 2012-10-01 00:00:00 and 2014-09-01 00:00:00 group by YEAR(fecha), MONTH(fecha) order by `fecha` asc | 2ms

=| GET charts/comparative |=
2014-09-15 19:16:30 | select * from `cliente` where `id` = 7 limit 1 | 2ms
2014-09-15 19:16:30 | select * from `telefonos_contacto` where `id_empresa` = 1 and `tipo` = 1 | 0ms
2014-09-15 19:16:30 | select * from `telefonos_contacto` where `id_empresa` = 1 and `tipo` = 2 | 1ms
2014-09-15 19:16:30 | select * from `centro_de_ayuda` where `id_empresa` = 1 | 1ms
2014-09-15 19:16:30 | select * from `sucursales` where `id_empresa` = 1 | 1ms
2014-09-15 19:16:30 | select * from `servicio_empresa` where `id_empresa` = 1 | 1ms

=| GET _debugbar/assets/stylesheets |=

=| GET _debugbar/assets/javascript |=

=| POST postChartComparative/7 |=
2014-09-15 19:16:31 | select * from `cliente` where `id` = 7 limit 1 | 0ms
2014-09-15 19:16:31 | select * from `cliente` where `id` = 7 limit 1 | 2ms
2014-09-15 19:16:31 | select `id`, `numero` from `telefono` where `telefono`.`id_cliente` = 7 | 1ms
2014-09-15 19:16:31 | select MONTH(fecha) AS month, YEAR(fecha) AS year, SUM(monto_total) AS monto_total from `total` where `id_telefono` in (1, 2, 3, 4, 5, 6, 7, 8, 9) and YEAR(fecha) in (2012, 2013, 2014) and `fecha` between 2012-10-01 00:00:00 and 2014-09-01 00:00:00 group by YEAR(fecha), MONTH(fecha) order by `fecha` asc | 2ms

=| GET charts/comparative |=
2014-09-15 19:16:40 | select * from `cliente` where `id` = 7 limit 1 | 1ms
2014-09-15 19:16:40 | select * from `telefonos_contacto` where `id_empresa` = 1 and `tipo` = 1 | 1ms
2014-09-15 19:16:40 | select * from `telefonos_contacto` where `id_empresa` = 1 and `tipo` = 2 | 5ms
2014-09-15 19:16:40 | select * from `centro_de_ayuda` where `id_empresa` = 1 | 1ms
2014-09-15 19:16:40 | select * from `sucursales` where `id_empresa` = 1 | 1ms
2014-09-15 19:16:40 | select * from `servicio_empresa` where `id_empresa` = 1 | 0ms

=| GET _debugbar/assets/stylesheets |=

=| GET _debugbar/assets/javascript |=

=| POST postChartComparative/7 |=
2014-09-15 19:16:42 | select * from `cliente` where `id` = 7 limit 1 | 0ms
2014-09-15 19:16:42 | select * from `cliente` where `id` = 7 limit 1 | 0ms
2014-09-15 19:16:42 | select `id`, `numero` from `telefono` where `telefono`.`id_cliente` = 7 | 1ms
2014-09-15 19:16:42 | select MONTH(fecha) AS month, YEAR(fecha) AS year, SUM(monto_total) AS monto_total from `total` where `id_telefono` in (1, 2, 3, 4, 5, 6, 7, 8, 9) and YEAR(fecha) in (2012, 2013, 2014) and `fecha` between 2012-10-01 00:00:00 and 2014-09-01 00:00:00 group by YEAR(fecha), MONTH(fecha) order by `fecha` asc | 2ms

=| GET user/question |=
2014-09-15 19:36:52 | select * from `cliente` where `id` = 7 limit 1 | 1ms
2014-09-15 19:36:52 | select * from `preguntas` where `estado` = A | 1ms
2014-09-15 19:36:52 | select * from `preguntas` where `id` = 1 limit 1 | 1ms
2014-09-15 19:36:52 | select `respuesta`, `respuestas`.*, `pregunta_respuesta`.`id_pregunta` as `pivot_id_pregunta`, `pregunta_respuesta`.`id_respuesta` as `pivot_id_respuesta` from `respuestas` inner join `pregunta_respuesta` on `respuestas`.`id` = `pregunta_respuesta`.`id_respuesta` where `pregunta_respuesta`.`id_pregunta` = 1 | 64ms
2014-09-15 19:36:52 | select * from `cliente` where `id` = 7 limit 1 | 1ms
2014-09-15 19:36:52 | select `id_pregunta_respuesta` from `cliente_preguntas` where `cliente_preguntas`.`id_cliente` = 7 and return_pregunta(id_pregunta_respuesta) = 1 and `estado` = A limit 1 | 81.01ms
2014-09-15 19:36:52 | select * from `pregunta_respuesta` where `id` = 3 limit 1 | 1ms
2014-09-15 19:36:52 | select * from `cliente` where `id` = 7 limit 1 | 0ms
2014-09-15 19:36:52 | select `id_pregunta_respuesta` from `cliente_preguntas` where `cliente_preguntas`.`id_cliente` = 7 and return_pregunta(id_pregunta_respuesta) = 1 and `estado` = A limit 1 | 1ms
2014-09-15 19:36:52 | select * from `pregunta_respuesta` where `id` = 3 limit 1 | 0ms
2014-09-15 19:36:52 | select * from `cliente` where `id` = 7 limit 1 | 1ms
2014-09-15 19:36:52 | select `id_pregunta_respuesta` from `cliente_preguntas` where `cliente_preguntas`.`id_cliente` = 7 and return_pregunta(id_pregunta_respuesta) = 1 and `estado` = A limit 1 | 1ms
2014-09-15 19:36:52 | select * from `pregunta_respuesta` where `id` = 3 limit 1 | 1ms
2014-09-15 19:36:52 | select * from `cliente` where `id` = 7 limit 1 | 0ms
2014-09-15 19:36:52 | select `id_pregunta_respuesta` from `cliente_preguntas` where `cliente_preguntas`.`id_cliente` = 7 and return_pregunta(id_pregunta_respuesta) = 1 and `estado` = A limit 1 | 0ms
2014-09-15 19:36:52 | select * from `pregunta_respuesta` where `id` = 3 limit 1 | 1ms
2014-09-15 19:36:52 | select * from `preguntas` where `id` = 2 limit 1 | 1ms
2014-09-15 19:36:52 | select `respuesta`, `respuestas`.*, `pregunta_respuesta`.`id_pregunta` as `pivot_id_pregunta`, `pregunta_respuesta`.`id_respuesta` as `pivot_id_respuesta` from `respuestas` inner join `pregunta_respuesta` on `respuestas`.`id` = `pregunta_respuesta`.`id_respuesta` where `pregunta_respuesta`.`id_pregunta` = 2 | 1ms
2014-09-15 19:36:52 | select * from `cliente` where `id` = 7 limit 1 | 1ms
2014-09-15 19:36:52 | select `id_pregunta_respuesta` from `cliente_preguntas` where `cliente_preguntas`.`id_cliente` = 7 and return_pregunta(id_pregunta_respuesta) = 2 and `estado` = A limit 1 | 1ms
2014-09-15 19:36:52 | select * from `pregunta_respuesta` where `id` = 6 limit 1 | 0ms
2014-09-15 19:36:52 | select * from `cliente` where `id` = 7 limit 1 | 1ms
2014-09-15 19:36:52 | select `id_pregunta_respuesta` from `cliente_preguntas` where `cliente_preguntas`.`id_cliente` = 7 and return_pregunta(id_pregunta_respuesta) = 2 and `estado` = A limit 1 | 1ms
2014-09-15 19:36:52 | select * from `pregunta_respuesta` where `id` = 6 limit 1 | 1ms
2014-09-15 19:36:52 | select * from `cliente` where `id` = 7 limit 1 | 1ms
2014-09-15 19:36:52 | select `id_pregunta_respuesta` from `cliente_preguntas` where `cliente_preguntas`.`id_cliente` = 7 and return_pregunta(id_pregunta_respuesta) = 2 and `estado` = A limit 1 | 1ms
2014-09-15 19:36:52 | select * from `pregunta_respuesta` where `id` = 6 limit 1 | 1ms
2014-09-15 19:36:52 | select * from `cliente` where `id` = 7 limit 1 | 0ms
2014-09-15 19:36:52 | select `id_pregunta_respuesta` from `cliente_preguntas` where `cliente_preguntas`.`id_cliente` = 7 and return_pregunta(id_pregunta_respuesta) = 2 and `estado` = A limit 1 | 1ms
2014-09-15 19:36:52 | select * from `pregunta_respuesta` where `id` = 6 limit 1 | 1ms
2014-09-15 19:36:52 | select * from `preguntas` where `id` = 3 limit 1 | 0ms
2014-09-15 19:36:52 | select `respuesta`, `respuestas`.*, `pregunta_respuesta`.`id_pregunta` as `pivot_id_pregunta`, `pregunta_respuesta`.`id_respuesta` as `pivot_id_respuesta` from `respuestas` inner join `pregunta_respuesta` on `respuestas`.`id` = `pregunta_respuesta`.`id_respuesta` where `pregunta_respuesta`.`id_pregunta` = 3 | 0ms
2014-09-15 19:36:52 | select * from `cliente` where `id` = 7 limit 1 | 1ms
2014-09-15 19:36:52 | select `id_pregunta_respuesta` from `cliente_preguntas` where `cliente_preguntas`.`id_cliente` = 7 and return_pregunta(id_pregunta_respuesta) = 3 and `estado` = A limit 1 | 0ms
2014-09-15 19:36:52 | select * from `pregunta_respuesta` where `id` = 10 limit 1 | 0ms
2014-09-15 19:36:52 | select * from `cliente` where `id` = 7 limit 1 | 1ms
2014-09-15 19:36:52 | select `id_pregunta_respuesta` from `cliente_preguntas` where `cliente_preguntas`.`id_cliente` = 7 and return_pregunta(id_pregunta_respuesta) = 3 and `estado` = A limit 1 | 1ms
2014-09-15 19:36:52 | select * from `pregunta_respuesta` where `id` = 10 limit 1 | 0ms
2014-09-15 19:36:52 | select * from `cliente` where `id` = 7 limit 1 | 0ms
2014-09-15 19:36:52 | select `id_pregunta_respuesta` from `cliente_preguntas` where `cliente_preguntas`.`id_cliente` = 7 and return_pregunta(id_pregunta_respuesta) = 3 and `estado` = A limit 1 | 1ms
2014-09-15 19:36:52 | select * from `pregunta_respuesta` where `id` = 10 limit 1 | 1ms
2014-09-15 19:36:52 | select * from `cliente` where `id` = 7 limit 1 | 1ms
2014-09-15 19:36:52 | select `id_pregunta_respuesta` from `cliente_preguntas` where `cliente_preguntas`.`id_cliente` = 7 and return_pregunta(id_pregunta_respuesta) = 3 and `estado` = A limit 1 | 1ms
2014-09-15 19:36:52 | select * from `pregunta_respuesta` where `id` = 10 limit 1 | 0ms
2014-09-15 19:36:52 | select * from `preguntas` where `id` = 7 limit 1 | 0ms
2014-09-15 19:36:52 | select `respuesta`, `respuestas`.*, `pregunta_respuesta`.`id_pregunta` as `pivot_id_pregunta`, `pregunta_respuesta`.`id_respuesta` as `pivot_id_respuesta` from `respuestas` inner join `pregunta_respuesta` on `respuestas`.`id` = `pregunta_respuesta`.`id_respuesta` where `pregunta_respuesta`.`id_pregunta` = 7 | 0ms
2014-09-15 19:36:52 | select * from `cliente` where `id` = 7 limit 1 | 1ms
2014-09-15 19:36:52 | select `id_pregunta_respuesta` from `cliente_preguntas` where `cliente_preguntas`.`id_cliente` = 7 and return_pregunta(id_pregunta_respuesta) = 7 and `estado` = A limit 1 | 1ms
2014-09-15 19:36:52 | select * from `pregunta_respuesta` where `id` = 17 limit 1 | 0ms
2014-09-15 19:36:52 | select * from `cliente` where `id` = 7 limit 1 | 1ms
2014-09-15 19:36:52 | select `id_pregunta_respuesta` from `cliente_preguntas` where `cliente_preguntas`.`id_cliente` = 7 and return_pregunta(id_pregunta_respuesta) = 7 and `estado` = A limit 1 | 1ms
2014-09-15 19:36:52 | select * from `pregunta_respuesta` where `id` = 17 limit 1 | 2ms
2014-09-15 19:36:52 | select * from `telefonos_contacto` where `id_empresa` = 1 and `tipo` = 1 | 0ms
2014-09-15 19:36:52 | select * from `telefonos_contacto` where `id_empresa` = 1 and `tipo` = 2 | 0ms
2014-09-15 19:36:52 | select * from `centro_de_ayuda` where `id_empresa` = 1 | 1ms
2014-09-15 19:36:52 | select * from `sucursales` where `id_empresa` = 1 | 1ms
2014-09-15 19:36:52 | select * from `servicio_empresa` where `id_empresa` = 1 | 1ms

=| GET _debugbar/assets/stylesheets |=

=| GET _debugbar/assets/javascript |=
